#
# There is insufficient memory for the Java Runtime Environment to continue.
# Native memory allocation (malloc) failed to allocate 1953616 bytes for Chunk::new
# Possible reasons:
#   The system is out of physical RAM or swap space
#   The process is running with CompressedOops enabled, and the Java Heap may be blocking the growth of the native heap
# Possible solutions:
#   Reduce memory load on the system
#   Increase physical memory or swap space
#   Check if swap backing store is full
#   Decrease Java heap size (-Xmx/-Xms)
#   Decrease number of Java threads
#   Decrease Java thread stack sizes (-Xss)
#   Set larger code cache with -XX:ReservedCodeCacheSize=
#   JVM is running with Unscaled Compressed Oops mode in which the Java heap is
#     placed in the first 4GB address space. The Java Heap base address is the
#     maximum limit for the native heap growth. Please use -XX:HeapBaseMinAddress
#     to set the Java Heap base and to place the Java Heap above 4GB virtual address.
# This output file may be truncated or incomplete.
#
#  Out of Memory Error (./src/hotspot/share/memory/arena.cpp:197), pid=23020, tid=18916
#
# JRE version: OpenJDK Runtime Environment (11.0.10) (build 11.0.10+0-b96-7249189)
# Java VM: OpenJDK 64-Bit Server VM (11.0.10+0-b96-7249189, mixed mode, tiered, compressed oops, g1 gc, windows-amd64)
# No core dump will be written. Minidumps are not enabled by default on client versions of Windows
#

---------------  S U M M A R Y ------------

Command Line: --add-opens=java.base/java.util=ALL-UNNAMED --add-opens=java.base/java.lang=ALL-UNNAMED --add-opens=java.base/java.lang.invoke=ALL-UNNAMED --add-opens=java.base/java.util=ALL-UNNAMED --add-opens=java.prefs/java.util.prefs=ALL-UNNAMED --add-opens=java.prefs/java.util.prefs=ALL-UNNAMED --add-opens=java.base/java.nio.charset=ALL-UNNAMED --add-opens=java.base/java.net=ALL-UNNAMED --add-opens=java.base/java.util.concurrent.atomic=ALL-UNNAMED -Xmx2048m -Dfile.encoding=UTF-8 -Duser.country=US -Duser.language=en -Duser.variant org.gradle.launcher.daemon.bootstrap.GradleDaemon 7.0.2

Host: Intel(R) Core(TM) i5-1035G1 CPU @ 1.00GHz, 8 cores, 7G,  Windows 10 , 64 bit Build 19041 (10.0.19041.1202)
Time: Wed Sep 22 16:56:35 2021 India Standard Time elapsed time: 4048.360020 seconds (0d 1h 7m 28s)

---------------  T H R E A D  ---------------

Current thread (0x000002b26c119800):  JavaThread "C2 CompilerThread1" daemon [_thread_in_native, id=18916, stack(0x000000d6afe00000,0x000000d6aff00000)]


Current CompileTask:
C2:4048360 28471 % !   4       com.android.tools.r8.dex.m::c @ 2107 (2765 bytes)

Stack: [0x000000d6afe00000,0x000000d6aff00000]
Native frames: (J=compiled Java code, j=interpreted, Vv=VM code, C=native code)
V  [jvm.dll+0x5ecfaa]
V  [jvm.dll+0x722bd5]
V  [jvm.dll+0x72412d]
V  [jvm.dll+0x7247e3]
V  [jvm.dll+0x242928]
V  [jvm.dll+0xbc4fc]
V  [jvm.dll+0xbca0c]
V  [jvm.dll+0x352d7d]
V  [jvm.dll+0x19800c]
V  [jvm.dll+0x1fb70e]
V  [jvm.dll+0x1fa7f4]
V  [jvm.dll+0x18354c]
V  [jvm.dll+0x208ee7]
V  [jvm.dll+0x207731]
V  [jvm.dll+0x6eb1cf]
V  [jvm.dll+0x6e3d45]
V  [jvm.dll+0x5ebe96]
C  [ucrtbase.dll+0x21bb2]
C  [KERNEL32.DLL+0x17034]
C  [ntdll.dll+0x52651]


---------------  P R O C E S S  ---------------

Threads class SMR info:
_java_thread_list=0x000002b26df1a580, length=79, elements={
0x000002b24562e000, 0x000002b261a41000, 0x000002b261a44800, 0x000002b261a4e000,
0x000002b2623d7800, 0x000002b2623d8800, 0x000002b2623d9800, 0x000002b261a59800,
0x000002b261a5d800, 0x000002b26253c000, 0x000002b26487c800, 0x000002b2626f5800,
0x000002b264409800, 0x000002b2646ee800, 0x000002b2646f2000, 0x000002b2646f2800,
0x000002b2646f0000, 0x000002b2646f3800, 0x000002b263456800, 0x000002b263453800,
0x000002b263457800, 0x000002b263458800, 0x000002b265f90000, 0x000002b265f92800,
0x000002b265f98000, 0x000002b265f97800, 0x000002b265f96800, 0x000002b265f99000,
0x000002b265f94000, 0x000002b264ebb000, 0x000002b26e0bb800, 0x000002b26b93b000,
0x000002b26b93d000, 0x000002b26e0bf800, 0x000002b26e0be800, 0x000002b26e0b9000,
0x000002b26e0b9800, 0x000002b26e0bc000, 0x000002b26e0bd000, 0x000002b26e0be000,
0x000002b26e0ba800, 0x000002b26b93f800, 0x000002b26b941800, 0x000002b26b93e000,
0x000002b26b93b800, 0x000002b26b940800, 0x000002b26b93f000, 0x000002b26b93c800,
0x000002b26b942000, 0x000002b26b947000, 0x000002b26b943000, 0x000002b26b948800,
0x000002b26b949800, 0x000002b26b943800, 0x000002b26b944800, 0x000002b26b945800,
0x000002b264eb9000, 0x000002b264eb4800, 0x000002b264eb3000, 0x000002b264eb7000,
0x000002b264eb5800, 0x000002b264eb4000, 0x000002b264ebc000, 0x000002b264eb6800,
0x000002b264ebe800, 0x000002b264ec0000, 0x000002b264ec2000, 0x000002b264ec1000,
0x000002b265f8a800, 0x000002b265f8c800, 0x000002b265f91000, 0x000002b265f93800,
0x000002b265f91800, 0x000002b265f8d800, 0x000002b2646f1000, 0x000002b2646ef800,
0x000002b2646ed800, 0x000002b26c119800, 0x000002b26c11a800
}

Java Threads: ( => current thread )
  0x000002b24562e000 JavaThread "main" [_thread_blocked, id=10100, stack(0x000000d6acc00000,0x000000d6acd00000)]
  0x000002b261a41000 JavaThread "Reference Handler" daemon [_thread_blocked, id=13304, stack(0x000000d6ad300000,0x000000d6ad400000)]
  0x000002b261a44800 JavaThread "Finalizer" daemon [_thread_blocked, id=9688, stack(0x000000d6ad400000,0x000000d6ad500000)]
  0x000002b261a4e000 JavaThread "Signal Dispatcher" daemon [_thread_blocked, id=25048, stack(0x000000d6ad500000,0x000000d6ad600000)]
  0x000002b2623d7800 JavaThread "Attach Listener" daemon [_thread_blocked, id=24648, stack(0x000000d6ad600000,0x000000d6ad700000)]
  0x000002b2623d8800 JavaThread "Service Thread" daemon [_thread_blocked, id=22500, stack(0x000000d6ad700000,0x000000d6ad800000)]
  0x000002b2623d9800 JavaThread "C2 CompilerThread0" daemon [_thread_blocked, id=6380, stack(0x000000d6ad800000,0x000000d6ad900000)]
  0x000002b261a59800 JavaThread "C1 CompilerThread0" daemon [_thread_blocked, id=21144, stack(0x000000d6ad900000,0x000000d6ada00000)]
  0x000002b261a5d800 JavaThread "Sweeper thread" daemon [_thread_blocked, id=9348, stack(0x000000d6ada00000,0x000000d6adb00000)]
  0x000002b26253c000 JavaThread "Common-Cleaner" daemon [_thread_blocked, id=3092, stack(0x000000d6adb00000,0x000000d6adc00000)]
  0x000002b26487c800 JavaThread "Daemon health stats" [_thread_blocked, id=6036, stack(0x000000d6ae100000,0x000000d6ae200000)]
  0x000002b2626f5800 JavaThread "Incoming local TCP Connector on port 62710" [_thread_in_native, id=10364, stack(0x000000d6add00000,0x000000d6ade00000)]
  0x000002b264409800 JavaThread "Daemon periodic checks" [_thread_blocked, id=20452, stack(0x000000d6ae000000,0x000000d6ae100000)]
  0x000002b2646ee800 JavaThread "Cache worker for file hash cache (C:\Users\Abhinay\.gradle\caches\7.0.2\fileHashes)" [_thread_blocked, id=25216, stack(0x000000d6ae600000,0x000000d6ae700000)]
  0x000002b2646f2000 JavaThread "File lock request listener" [_thread_in_native, id=496, stack(0x000000d6aef00000,0x000000d6af000000)]
  0x000002b2646f2800 JavaThread "Cache worker for journal cache (C:\Users\Abhinay\.gradle\caches\journal-1)" [_thread_blocked, id=24636, stack(0x000000d6af100000,0x000000d6af200000)]
  0x000002b2646f0000 JavaThread "File watcher server" daemon [_thread_in_native, id=21656, stack(0x000000d6af300000,0x000000d6af400000)]
  0x000002b2646f3800 JavaThread "File watcher consumer" daemon [_thread_blocked, id=10620, stack(0x000000d6af400000,0x000000d6af500000)]
  0x000002b263456800 JavaThread "Cache worker for execution history cache (C:\Users\Abhinay\.gradle\caches\7.0.2\executionHistory)" [_thread_blocked, id=15492, stack(0x000000d6af900000,0x000000d6afa00000)]
  0x000002b263453800 JavaThread "jar transforms" [_thread_blocked, id=17796, stack(0x000000d6afb00000,0x000000d6afc00000)]
  0x000002b263457800 JavaThread "jar transforms Thread 2" [_thread_blocked, id=24232, stack(0x000000d6afc00000,0x000000d6afd00000)]
  0x000002b263458800 JavaThread "Cache worker for file content cache (C:\Users\Abhinay\.gradle\caches\7.0.2\fileContent)" [_thread_blocked, id=23712, stack(0x000000d6afd00000,0x000000d6afe00000)]
  0x000002b265f90000 JavaThread "jar transforms Thread 3" [_thread_blocked, id=23492, stack(0x000000d6afa00000,0x000000d6afb00000)]
  0x000002b265f92800 JavaThread "jar transforms Thread 4" [_thread_blocked, id=23520, stack(0x000000d6b0800000,0x000000d6b0900000)]
  0x000002b265f98000 JavaThread "jar transforms Thread 5" [_thread_blocked, id=14420, stack(0x000000d6b0900000,0x000000d6b0a00000)]
  0x000002b265f97800 JavaThread "jar transforms Thread 6" [_thread_blocked, id=648, stack(0x000000d6b0a00000,0x000000d6b0b00000)]
  0x000002b265f96800 JavaThread "jar transforms Thread 7" [_thread_blocked, id=11560, stack(0x000000d6b0b00000,0x000000d6b0c00000)]
  0x000002b265f99000 JavaThread "jar transforms Thread 8" [_thread_blocked, id=9040, stack(0x000000d6b0c00000,0x000000d6b0d00000)]
  0x000002b265f94000 JavaThread "Memory manager" [_thread_blocked, id=20676, stack(0x000000d6b0e00000,0x000000d6b0f00000)]
  0x000002b264ebb000 JavaThread "Cache worker for Java compile cache (C:\Users\Abhinay\.gradle\caches\7.0.2\javaCompile)" [_thread_blocked, id=21540, stack(0x000000d6b1a00000,0x000000d6b1b00000)]
  0x000002b26e0bb800 JavaThread "ForkJoinPool.commonPool-worker-11" daemon [_thread_blocked, id=16892, stack(0x000000d6b2900000,0x000000d6b2a00000)]
  0x000002b26b93b000 JavaThread "ForkJoinPool.commonPool-worker-13" daemon [_thread_blocked, id=5052, stack(0x000000d6b1d00000,0x000000d6b1e00000)]
  0x000002b26b93d000 JavaThread "ForkJoinPool.commonPool-worker-3" daemon [_thread_blocked, id=7688, stack(0x000000d6b2000000,0x000000d6b2100000)]
  0x000002b26e0bf800 JavaThread "ForkJoinPool.commonPool-worker-15" daemon [_thread_blocked, id=3244, stack(0x000000d6b1f00000,0x000000d6b2000000)]
  0x000002b26e0be800 JavaThread "ForkJoinPool.commonPool-worker-9" daemon [_thread_blocked, id=23476, stack(0x000000d6b2300000,0x000000d6b2400000)]
  0x000002b26e0b9000 JavaThread "ForkJoinPool.commonPool-worker-1" daemon [_thread_blocked, id=16296, stack(0x000000d6b1e00000,0x000000d6b1f00000)]
  0x000002b26e0b9800 JavaThread "Daemon Thread 11" [_thread_blocked, id=21520, stack(0x000000d6ac900000,0x000000d6aca00000)]
  0x000002b26e0bc000 JavaThread "Handler for socket connection from /127.0.0.1:62710 to /127.0.0.1:57507" [_thread_in_native, id=13256, stack(0x000000d6aca00000,0x000000d6acb00000)]
  0x000002b26e0bd000 JavaThread "Cancel handler" [_thread_blocked, id=19860, stack(0x000000d6acb00000,0x000000d6acc00000)]
  0x000002b26e0be000 JavaThread "Daemon worker Thread 11" [_thread_blocked, id=5280, stack(0x000000d6ae200000,0x000000d6ae300000)]
  0x000002b26e0ba800 JavaThread "Asynchronous log dispatcher for DefaultDaemonConnection: socket connection from /127.0.0.1:62710 to /127.0.0.1:57507" [_thread_blocked, id=20880, stack(0x000000d6ae300000,0x000000d6ae400000)]
  0x000002b26b93f800 JavaThread "Stdin handler" [_thread_blocked, id=13272, stack(0x000000d6ae400000,0x000000d6ae500000)]
  0x000002b26b941800 JavaThread "Daemon client event forwarder" [_thread_blocked, id=18208, stack(0x000000d6ae500000,0x000000d6ae600000)]
  0x000002b26b93e000 JavaThread "Cache worker for file hash cache (C:\Users\Abhinay\Desktop\Team7_CSHTN-08\.gradle\7.0.2\fileHashes)" [_thread_blocked, id=21308, stack(0x000000d6ae700000,0x000000d6ae800000)]
  0x000002b26b93b800 JavaThread "Cache worker for checksums cache (C:\Users\Abhinay\Desktop\Team7_CSHTN-08\.gradle\checksums)" [_thread_blocked, id=24080, stack(0x000000d6ae800000,0x000000d6ae900000)]
  0x000002b26b940800 JavaThread "Cache worker for cache directory md-supplier (C:\Users\Abhinay\.gradle\caches\7.0.2\md-supplier)" [_thread_blocked, id=25392, stack(0x000000d6ae900000,0x000000d6aea00000)]
  0x000002b26b93f000 JavaThread "Cache worker for cache directory md-rule (C:\Users\Abhinay\.gradle\caches\7.0.2\md-rule)" [_thread_blocked, id=16100, stack(0x000000d6af200000,0x000000d6af300000)]
  0x000002b26b93c800 JavaThread "Cache worker for dependencies-accessors (C:\Users\Abhinay\Desktop\Team7_CSHTN-08\.gradle\7.0.2\dependencies-accessors)" [_thread_blocked, id=12652, stack(0x000000d6af500000,0x000000d6af600000)]
  0x000002b26b942000 JavaThread "Cache worker for Build Output Cleanup Cache (C:\Users\Abhinay\Desktop\Team7_CSHTN-08\.gradle\buildOutputCleanup)" [_thread_blocked, id=10300, stack(0x000000d6af600000,0x000000d6af700000)]
  0x000002b26b947000 JavaThread "Build operations" [_thread_blocked, id=25296, stack(0x000000d6af700000,0x000000d6af800000)]
  0x000002b26b943000 JavaThread "Build operations Thread 2" [_thread_blocked, id=21820, stack(0x000000d6aff00000,0x000000d6b0000000)]
  0x000002b26b948800 JavaThread "Build operations Thread 3" [_thread_blocked, id=772, stack(0x000000d6b0000000,0x000000d6b0100000)]
  0x000002b26b949800 JavaThread "Build operations Thread 4" [_thread_blocked, id=25456, stack(0x000000d6b0100000,0x000000d6b0200000)]
  0x000002b26b943800 JavaThread "Build operations Thread 5" [_thread_blocked, id=23564, stack(0x000000d6b0200000,0x000000d6b0300000)]
  0x000002b26b944800 JavaThread "Build operations Thread 6" [_thread_blocked, id=10640, stack(0x000000d6b0300000,0x000000d6b0400000)]
  0x000002b26b945800 JavaThread "Build operations Thread 7" [_thread_blocked, id=9936, stack(0x000000d6b0400000,0x000000d6b0500000)]
  0x000002b264eb9000 JavaThread "Build operations Thread 8" [_thread_blocked, id=14092, stack(0x000000d6b0500000,0x000000d6b0600000)]
  0x000002b264eb4800 JavaThread "build event listener" [_thread_blocked, id=6376, stack(0x000000d6b0600000,0x000000d6b0700000)]
  0x000002b264eb3000 JavaThread "Execution worker for ':'" [_thread_blocked, id=20756, stack(0x000000d6b0700000,0x000000d6b0800000)]
  0x000002b264eb7000 JavaThread "Execution worker for ':' Thread 2" [_thread_blocked, id=18756, stack(0x000000d6b0d00000,0x000000d6b0e00000)]
  0x000002b264eb5800 JavaThread "Execution worker for ':' Thread 3" [_thread_blocked, id=11604, stack(0x000000d6b0f00000,0x000000d6b1000000)]
  0x000002b264eb4000 JavaThread "Execution worker for ':' Thread 4" [_thread_blocked, id=1400, stack(0x000000d6b1000000,0x000000d6b1100000)]
  0x000002b264ebc000 JavaThread "Execution worker for ':' Thread 5" [_thread_blocked, id=12896, stack(0x000000d6b1100000,0x000000d6b1200000)]
  0x000002b264eb6800 JavaThread "Execution worker for ':' Thread 6" [_thread_blocked, id=6920, stack(0x000000d6b1200000,0x000000d6b1300000)]
  0x000002b264ebe800 JavaThread "Execution worker for ':' Thread 7" [_thread_blocked, id=20924, stack(0x000000d6b1300000,0x000000d6b1400000)]
  0x000002b264ec0000 JavaThread "Cache worker for execution history cache (C:\Users\Abhinay\Desktop\Team7_CSHTN-08\.gradle\7.0.2\executionHistory)" [_thread_blocked, id=9796, stack(0x000000d6b1400000,0x000000d6b1500000)]
  0x000002b264ec2000 JavaThread "WorkerExecutor Queue" [_thread_blocked, id=22188, stack(0x000000d6af800000,0x000000d6af900000)]
  0x000002b264ec1000 JavaThread "WorkerExecutor Queue Thread 2" [_thread_blocked, id=19888, stack(0x000000d6b1700000,0x000000d6b1800000)]
  0x000002b265f8a800 JavaThread "WorkerExecutor Queue Thread 3" [_thread_blocked, id=24672, stack(0x000000d6b1900000,0x000000d6b1a00000)]
  0x000002b265f8c800 JavaThread "WorkerExecutor Queue Thread 4" [_thread_blocked, id=16308, stack(0x000000d6b1b00000,0x000000d6b1c00000)]
  0x000002b265f91000 JavaThread "WorkerExecutor Queue Thread 5" [_thread_blocked, id=1000, stack(0x000000d6b1c00000,0x000000d6b1d00000)]
  0x000002b265f93800 JavaThread "WorkerExecutor Queue Thread 6" [_thread_blocked, id=18104, stack(0x000000d6b2100000,0x000000d6b2200000)]
  0x000002b265f91800 JavaThread "WorkerExecutor Queue Thread 7" [_thread_blocked, id=18632, stack(0x000000d6b2200000,0x000000d6b2300000)]
  0x000002b265f8d800 JavaThread "WorkerExecutor Queue Thread 8" [_thread_blocked, id=18100, stack(0x000000d6b2400000,0x000000d6b2500000)]
  0x000002b2646f1000 JavaThread "pool-44-thread-1" [_thread_blocked, id=14684, stack(0x000000d6b2500000,0x000000d6b2600000)]
  0x000002b2646ef800 JavaThread "stderr" [_thread_in_native, id=11600, stack(0x000000d6b2600000,0x000000d6b2700000)]
  0x000002b2646ed800 JavaThread "stdout" [_thread_in_native, id=7588, stack(0x000000d6b2700000,0x000000d6b2800000)]
=>0x000002b26c119800 JavaThread "C2 CompilerThread1" daemon [_thread_in_native, id=18916, stack(0x000000d6afe00000,0x000000d6aff00000)]
  0x000002b26c11a800 JavaThread "C2 CompilerThread2" daemon [_thread_blocked, id=19092, stack(0x000000d6b1800000,0x000000d6b1900000)]

Other Threads:
  0x000002b261a3e800 VMThread "VM Thread" [stack: 0x000000d6ad200000,0x000000d6ad300000] [id=24880]
  0x000002b262551800 WatcherThread [stack: 0x000000d6adc00000,0x000000d6add00000] [id=25220]
  0x000002b245646800 GCTaskThread "GC Thread#0" [stack: 0x000000d6acd00000,0x000000d6ace00000] [id=16988]
  0x000002b263262000 GCTaskThread "GC Thread#1" [stack: 0x000000d6ade00000,0x000000d6adf00000] [id=17036]
  0x000002b26340a800 GCTaskThread "GC Thread#2" [stack: 0x000000d6adf00000,0x000000d6ae000000] [id=13252]
  0x000002b2637f0800 GCTaskThread "GC Thread#3" [stack: 0x000000d6aea00000,0x000000d6aeb00000] [id=2476]
  0x000002b264aff800 GCTaskThread "GC Thread#4" [stack: 0x000000d6aeb00000,0x000000d6aec00000] [id=18764]
  0x000002b2639ff800 GCTaskThread "GC Thread#5" [stack: 0x000000d6aec00000,0x000000d6aed00000] [id=15668]
  0x000002b263100000 GCTaskThread "GC Thread#6" [stack: 0x000000d6aed00000,0x000000d6aee00000] [id=8436]
  0x000002b2629e8000 GCTaskThread "GC Thread#7" [stack: 0x000000d6aee00000,0x000000d6aef00000] [id=24884]
  0x000002b245678800 ConcurrentGCThread "G1 Main Marker" [stack: 0x000000d6ace00000,0x000000d6acf00000] [id=10752]
  0x000002b24567a000 ConcurrentGCThread "G1 Conc#0" [stack: 0x000000d6acf00000,0x000000d6ad000000] [id=1824]
  0x000002b263843800 ConcurrentGCThread "G1 Conc#1" [stack: 0x000000d6af000000,0x000000d6af100000] [id=1672]
  0x000002b261890800 ConcurrentGCThread "G1 Refine#0" [stack: 0x000000d6ad000000,0x000000d6ad100000] [id=25112]
  0x000002b2645be000 ConcurrentGCThread "G1 Refine#1" [stack: 0x000000d6b1500000,0x000000d6b1600000] [id=2740]
  0x000002b2645bf800 ConcurrentGCThread "G1 Refine#2" [stack: 0x000000d6b1600000,0x000000d6b1700000] [id=25472]
  0x000002b261891800 ConcurrentGCThread "G1 Young RemSet Sampling" [stack: 0x000000d6ad100000,0x000000d6ad200000] [id=15460]

Threads with active compile tasks:
C2 CompilerThread14048423 28471 % !   4       com.android.tools.r8.dex.m::c @ 2107 (2765 bytes)

VM state:not at safepoint (normal execution)

VM Mutex/Monitor currently owned by a thread: None

Heap address: 0x0000000080000000, size: 2048 MB, Compressed Oops mode: 32-bit
Narrow klass base: 0x0000000000000000, Narrow klass shift: 3
Compressed class space size: 1073741824 Address: 0x0000000100000000

Heap:
 garbage-first heap   total 375808K, used 231396K [0x0000000080000000, 0x0000000100000000)
  region size 1024K, 85 young (87040K), 7 survivors (7168K)
 Metaspace       used 126795K, capacity 130523K, committed 130808K, reserved 1163264K
  class space    used 15447K, capacity 16812K, committed 16888K, reserved 1048576K
Heap Regions: E=young(eden), S=young(survivor), O=old, HS=humongous(starts), HC=humongous(continues), CS=collection set, F=free, A=archive, TAMS=top-at-mark-start (previous, next)
|   0|0x0000000080000000, 0x0000000080100000, 0x0000000080100000|100%| O|  |TAMS 0x0000000080100000, 0x0000000080000000| Untracked 
|   1|0x0000000080100000, 0x0000000080200000, 0x0000000080200000|100%| O|  |TAMS 0x0000000080200000, 0x0000000080100000| Untracked 
|   2|0x0000000080200000, 0x0000000080300000, 0x0000000080300000|100%| O|  |TAMS 0x0000000080300000, 0x0000000080200000| Untracked 
|   3|0x0000000080300000, 0x0000000080400000, 0x0000000080400000|100%|HS|  |TAMS 0x0000000080400000, 0x0000000080300000| Complete 
|   4|0x0000000080400000, 0x0000000080500000, 0x0000000080500000|100%|HC|  |TAMS 0x0000000080500000, 0x0000000080400000| Complete 
|   5|0x0000000080500000, 0x0000000080600000, 0x0000000080600000|100%|HC|  |TAMS 0x0000000080600000, 0x0000000080500000| Complete 
|   6|0x0000000080600000, 0x0000000080700000, 0x0000000080700000|100%| O|  |TAMS 0x0000000080700000, 0x0000000080600000| Untracked 
|   7|0x0000000080700000, 0x0000000080800000, 0x0000000080800000|100%| O|  |TAMS 0x0000000080800000, 0x0000000080700000| Untracked 
|   8|0x0000000080800000, 0x0000000080900000, 0x0000000080900000|100%| O|  |TAMS 0x0000000080900000, 0x0000000080800000| Untracked 
|   9|0x0000000080900000, 0x0000000080a00000, 0x0000000080a00000|100%| O|  |TAMS 0x0000000080a00000, 0x0000000080900000| Untracked 
|  10|0x0000000080a00000, 0x0000000080b00000, 0x0000000080b00000|100%| O|  |TAMS 0x0000000080b00000, 0x0000000080a00000| Untracked 
|  11|0x0000000080b00000, 0x0000000080c00000, 0x0000000080c00000|100%| O|  |TAMS 0x0000000080c00000, 0x0000000080b00000| Untracked 
|  12|0x0000000080c00000, 0x0000000080d00000, 0x0000000080d00000|100%| O|  |TAMS 0x0000000080d00000, 0x0000000080c00000| Untracked 
|  13|0x0000000080d00000, 0x0000000080e00000, 0x0000000080e00000|100%| O|  |TAMS 0x0000000080e00000, 0x0000000080d00000| Untracked 
|  14|0x0000000080e00000, 0x0000000080f00000, 0x0000000080f00000|100%| O|  |TAMS 0x0000000080f00000, 0x0000000080e00000| Untracked 
|  15|0x0000000080f00000, 0x0000000081000000, 0x0000000081000000|100%| O|  |TAMS 0x0000000081000000, 0x0000000080f00000| Untracked 
|  16|0x0000000081000000, 0x0000000081100000, 0x0000000081100000|100%| O|  |TAMS 0x0000000081100000, 0x0000000081000000| Untracked 
|  17|0x0000000081100000, 0x0000000081200000, 0x0000000081200000|100%| O|  |TAMS 0x0000000081200000, 0x0000000081100000| Untracked 
|  18|0x0000000081200000, 0x0000000081300000, 0x0000000081300000|100%|HS|  |TAMS 0x0000000081300000, 0x0000000081200000| Complete 
|  19|0x0000000081300000, 0x0000000081400000, 0x0000000081400000|100%| O|  |TAMS 0x0000000081400000, 0x0000000081300000| Untracked 
|  20|0x0000000081400000, 0x0000000081500000, 0x0000000081500000|100%| O|  |TAMS 0x0000000081500000, 0x0000000081400000| Untracked 
|  21|0x0000000081500000, 0x0000000081600000, 0x0000000081600000|100%| O|  |TAMS 0x0000000081600000, 0x0000000081500000| Untracked 
|  22|0x0000000081600000, 0x0000000081700000, 0x0000000081700000|100%| O|  |TAMS 0x0000000081700000, 0x0000000081600000| Untracked 
|  23|0x0000000081700000, 0x0000000081800000, 0x0000000081800000|100%| O|  |TAMS 0x0000000081800000, 0x0000000081700000| Untracked 
|  24|0x0000000081800000, 0x0000000081900000, 0x0000000081900000|100%| O|  |TAMS 0x0000000081900000, 0x0000000081800000| Untracked 
|  25|0x0000000081900000, 0x0000000081a00000, 0x0000000081a00000|100%| O|  |TAMS 0x0000000081a00000, 0x0000000081900000| Untracked 
|  26|0x0000000081a00000, 0x0000000081b00000, 0x0000000081b00000|100%|HS|  |TAMS 0x0000000081b00000, 0x0000000081a00000| Complete 
|  27|0x0000000081b00000, 0x0000000081c00000, 0x0000000081c00000|100%|HS|  |TAMS 0x0000000081c00000, 0x0000000081b00000| Complete 
|  28|0x0000000081c00000, 0x0000000081d00000, 0x0000000081d00000|100%|HC|  |TAMS 0x0000000081d00000, 0x0000000081c00000| Complete 
|  29|0x0000000081d00000, 0x0000000081e00000, 0x0000000081e00000|100%|HS|  |TAMS 0x0000000081e00000, 0x0000000081d00000| Complete 
|  30|0x0000000081e00000, 0x0000000081f00000, 0x0000000081f00000|100%| O|  |TAMS 0x0000000081f00000, 0x0000000081e00000| Untracked 
|  31|0x0000000081f00000, 0x0000000082000000, 0x0000000082000000|100%| O|  |TAMS 0x0000000082000000, 0x0000000081f00000| Untracked 
|  32|0x0000000082000000, 0x0000000082100000, 0x0000000082100000|100%| O|  |TAMS 0x0000000082100000, 0x0000000082000000| Untracked 
|  33|0x0000000082100000, 0x0000000082200000, 0x0000000082200000|100%| O|  |TAMS 0x0000000082200000, 0x0000000082100000| Untracked 
|  34|0x0000000082200000, 0x0000000082300000, 0x0000000082300000|100%| O|  |TAMS 0x0000000082300000, 0x0000000082200000| Untracked 
|  35|0x0000000082300000, 0x0000000082400000, 0x0000000082400000|100%| O|  |TAMS 0x0000000082400000, 0x0000000082300000| Untracked 
|  36|0x0000000082400000, 0x0000000082500000, 0x0000000082500000|100%| O|  |TAMS 0x0000000082500000, 0x0000000082400000| Untracked 
|  37|0x0000000082500000, 0x0000000082600000, 0x0000000082600000|100%| O|  |TAMS 0x0000000082600000, 0x0000000082500000| Untracked 
|  38|0x0000000082600000, 0x0000000082700000, 0x0000000082700000|100%| O|  |TAMS 0x0000000082700000, 0x0000000082600000| Untracked 
|  39|0x0000000082700000, 0x0000000082800000, 0x0000000082800000|100%|HS|  |TAMS 0x0000000082800000, 0x0000000082700000| Complete 
|  40|0x0000000082800000, 0x0000000082900000, 0x0000000082900000|100%| O|  |TAMS 0x0000000082900000, 0x0000000082800000| Untracked 
|  41|0x0000000082900000, 0x0000000082a00000, 0x0000000082a00000|100%| O|  |TAMS 0x0000000082a00000, 0x0000000082900000| Untracked 
|  42|0x0000000082a00000, 0x0000000082b00000, 0x0000000082b00000|100%|HS|  |TAMS 0x0000000082a00000, 0x0000000082a00000| Complete 
|  43|0x0000000082b00000, 0x0000000082c00000, 0x0000000082c00000|100%|HS|  |TAMS 0x0000000082c00000, 0x0000000082b00000| Complete 
|  44|0x0000000082c00000, 0x0000000082d00000, 0x0000000082d00000|100%| O|  |TAMS 0x0000000082d00000, 0x0000000082c00000| Untracked 
|  45|0x0000000082d00000, 0x0000000082e00000, 0x0000000082e00000|100%| O|  |TAMS 0x0000000082e00000, 0x0000000082d00000| Untracked 
|  46|0x0000000082e00000, 0x0000000082f00000, 0x0000000082f00000|100%| O|  |TAMS 0x0000000082f00000, 0x0000000082e00000| Untracked 
|  47|0x0000000082f00000, 0x0000000083000000, 0x0000000083000000|100%| O|  |TAMS 0x0000000083000000, 0x0000000082f00000| Untracked 
|  48|0x0000000083000000, 0x0000000083100000, 0x0000000083100000|100%| O|  |TAMS 0x0000000083100000, 0x0000000083000000| Untracked 
|  49|0x0000000083100000, 0x0000000083200000, 0x0000000083200000|100%| O|  |TAMS 0x0000000083200000, 0x0000000083100000| Untracked 
|  50|0x0000000083200000, 0x0000000083300000, 0x0000000083300000|100%|HS|  |TAMS 0x0000000083300000, 0x0000000083200000| Complete 
|  51|0x0000000083300000, 0x0000000083400000, 0x0000000083400000|100%|HC|  |TAMS 0x0000000083400000, 0x0000000083300000| Complete 
|  52|0x0000000083400000, 0x0000000083500000, 0x0000000083500000|100%| O|  |TAMS 0x0000000083500000, 0x0000000083400000| Untracked 
|  53|0x0000000083500000, 0x0000000083600000, 0x0000000083600000|100%| O|  |TAMS 0x0000000083600000, 0x0000000083500000| Untracked 
|  54|0x0000000083600000, 0x0000000083700000, 0x0000000083700000|100%|HS|  |TAMS 0x0000000083700000, 0x0000000083600000| Complete 
|  55|0x0000000083700000, 0x0000000083800000, 0x0000000083800000|100%|HS|  |TAMS 0x0000000083800000, 0x0000000083700000| Complete 
|  56|0x0000000083800000, 0x0000000083900000, 0x0000000083900000|100%|HS|  |TAMS 0x0000000083800000, 0x0000000083800000| Complete 
|  57|0x0000000083900000, 0x0000000083a00000, 0x0000000083a00000|100%| O|  |TAMS 0x0000000083a00000, 0x0000000083900000| Untracked 
|  58|0x0000000083a00000, 0x0000000083b00000, 0x0000000083b00000|100%| O|  |TAMS 0x0000000083b00000, 0x0000000083a00000| Untracked 
|  59|0x0000000083b00000, 0x0000000083c00000, 0x0000000083c00000|100%| O|  |TAMS 0x0000000083c00000, 0x0000000083b00000| Untracked 
|  60|0x0000000083c00000, 0x0000000083d00000, 0x0000000083d00000|100%| O|  |TAMS 0x0000000083d00000, 0x0000000083c00000| Untracked 
|  61|0x0000000083d00000, 0x0000000083e00000, 0x0000000083e00000|100%| O|  |TAMS 0x0000000083e00000, 0x0000000083d00000| Untracked 
|  62|0x0000000083e00000, 0x0000000083f00000, 0x0000000083f00000|100%| O|  |TAMS 0x0000000083f00000, 0x0000000083e00000| Untracked 
|  63|0x0000000083f00000, 0x0000000084000000, 0x0000000084000000|100%| O|  |TAMS 0x0000000084000000, 0x0000000083f00000| Untracked 
|  64|0x0000000084000000, 0x0000000084100000, 0x0000000084100000|100%|HS|  |TAMS 0x0000000084100000, 0x0000000084000000| Complete 
|  65|0x0000000084100000, 0x0000000084200000, 0x0000000084200000|100%| O|  |TAMS 0x0000000084200000, 0x0000000084100000| Untracked 
|  66|0x0000000084200000, 0x0000000084300000, 0x0000000084300000|100%| O|  |TAMS 0x0000000084300000, 0x0000000084200000| Untracked 
|  67|0x0000000084300000, 0x0000000084400000, 0x0000000084400000|100%| O|  |TAMS 0x0000000084400000, 0x0000000084300000| Untracked 
|  68|0x0000000084400000, 0x0000000084500000, 0x0000000084500000|100%| O|  |TAMS 0x0000000084500000, 0x0000000084400000| Untracked 
|  69|0x0000000084500000, 0x0000000084600000, 0x0000000084600000|100%| O|  |TAMS 0x0000000084600000, 0x0000000084500000| Untracked 
|  70|0x0000000084600000, 0x0000000084700000, 0x0000000084700000|100%| O|  |TAMS 0x0000000084700000, 0x0000000084600000| Untracked 
|  71|0x0000000084700000, 0x0000000084800000, 0x0000000084800000|100%| O|  |TAMS 0x0000000084800000, 0x0000000084700000| Untracked 
|  72|0x0000000084800000, 0x0000000084900000, 0x0000000084900000|100%| O|  |TAMS 0x0000000084900000, 0x0000000084800000| Untracked 
|  73|0x0000000084900000, 0x0000000084a00000, 0x0000000084a00000|100%| O|  |TAMS 0x0000000084a00000, 0x0000000084900000| Untracked 
|  74|0x0000000084a00000, 0x0000000084b00000, 0x0000000084b00000|100%| O|  |TAMS 0x0000000084b00000, 0x0000000084a00000| Untracked 
|  75|0x0000000084b00000, 0x0000000084c00000, 0x0000000084c00000|100%| O|  |TAMS 0x0000000084c00000, 0x0000000084b00000| Untracked 
|  76|0x0000000084c00000, 0x0000000084d00000, 0x0000000084d00000|100%|HS|  |TAMS 0x0000000084d00000, 0x0000000084c00000| Complete 
|  77|0x0000000084d00000, 0x0000000084e00000, 0x0000000084e00000|100%| O|  |TAMS 0x0000000084e00000, 0x0000000084d00000| Untracked 
|  78|0x0000000084e00000, 0x0000000084f00000, 0x0000000084f00000|100%| O|  |TAMS 0x0000000084f00000, 0x0000000084e00000| Untracked 
|  79|0x0000000084f00000, 0x0000000085000000, 0x0000000085000000|100%| O|  |TAMS 0x0000000085000000, 0x0000000084f00000| Untracked 
|  80|0x0000000085000000, 0x0000000085100000, 0x0000000085100000|100%| O|  |TAMS 0x0000000085100000, 0x0000000085000000| Untracked 
|  81|0x0000000085100000, 0x0000000085200000, 0x0000000085200000|100%| O|  |TAMS 0x0000000085200000, 0x0000000085100000| Untracked 
|  82|0x0000000085200000, 0x0000000085300000, 0x0000000085300000|100%| O|  |TAMS 0x0000000085300000, 0x0000000085200000| Untracked 
|  83|0x0000000085300000, 0x0000000085400000, 0x0000000085400000|100%| O|  |TAMS 0x0000000085400000, 0x0000000085300000| Untracked 
|  84|0x0000000085400000, 0x0000000085500000, 0x0000000085500000|100%| O|  |TAMS 0x0000000085500000, 0x0000000085400000| Untracked 
|  85|0x0000000085500000, 0x0000000085600000, 0x0000000085600000|100%| O|  |TAMS 0x0000000085600000, 0x0000000085500000| Untracked 
|  86|0x0000000085600000, 0x0000000085700000, 0x0000000085700000|100%| O|  |TAMS 0x0000000085700000, 0x0000000085600000| Untracked 
|  87|0x0000000085700000, 0x0000000085800000, 0x0000000085800000|100%| O|  |TAMS 0x0000000085800000, 0x0000000085700000| Untracked 
|  88|0x0000000085800000, 0x0000000085900000, 0x0000000085900000|100%| O|  |TAMS 0x0000000085900000, 0x0000000085800000| Untracked 
|  89|0x0000000085900000, 0x0000000085a00000, 0x0000000085a00000|100%| O|  |TAMS 0x0000000085a00000, 0x0000000085900000| Untracked 
|  90|0x0000000085a00000, 0x0000000085b00000, 0x0000000085b00000|100%| O|  |TAMS 0x0000000085b00000, 0x0000000085a00000| Untracked 
|  91|0x0000000085b00000, 0x0000000085c00000, 0x0000000085c00000|100%| O|  |TAMS 0x0000000085c00000, 0x0000000085b00000| Untracked 
|  92|0x0000000085c00000, 0x0000000085d00000, 0x0000000085d00000|100%| O|  |TAMS 0x0000000085d00000, 0x0000000085c00000| Untracked 
|  93|0x0000000085d00000, 0x0000000085e00000, 0x0000000085e00000|100%| O|  |TAMS 0x0000000085e00000, 0x0000000085d00000| Untracked 
|  94|0x0000000085e00000, 0x0000000085f00000, 0x0000000085f00000|100%| O|  |TAMS 0x0000000085f00000, 0x0000000085e00000| Untracked 
|  95|0x0000000085f00000, 0x0000000086000000, 0x0000000086000000|100%| O|  |TAMS 0x0000000086000000, 0x0000000085f00000| Untracked 
|  96|0x0000000086000000, 0x0000000086100000, 0x0000000086100000|100%| O|  |TAMS 0x0000000086100000, 0x0000000086000000| Untracked 
|  97|0x0000000086100000, 0x0000000086200000, 0x0000000086200000|100%| O|  |TAMS 0x0000000086200000, 0x0000000086100000| Untracked 
|  98|0x0000000086200000, 0x0000000086300000, 0x0000000086300000|100%| O|  |TAMS 0x0000000086300000, 0x0000000086200000| Untracked 
|  99|0x0000000086300000, 0x0000000086400000, 0x0000000086400000|100%| O|  |TAMS 0x0000000086400000, 0x0000000086300000| Untracked 
| 100|0x0000000086400000, 0x0000000086500000, 0x0000000086500000|100%|HS|  |TAMS 0x0000000086400000, 0x0000000086400000| Complete 
| 101|0x0000000086500000, 0x0000000086600000, 0x0000000086600000|100%| O|  |TAMS 0x0000000086600000, 0x0000000086500000| Untracked 
| 102|0x0000000086600000, 0x0000000086700000, 0x0000000086700000|100%| O|  |TAMS 0x0000000086700000, 0x0000000086600000| Untracked 
| 103|0x0000000086700000, 0x0000000086800000, 0x0000000086800000|100%| O|  |TAMS 0x0000000086800000, 0x0000000086700000| Untracked 
| 104|0x0000000086800000, 0x0000000086900000, 0x0000000086900000|100%| O|  |TAMS 0x0000000086900000, 0x0000000086800000| Untracked 
| 105|0x0000000086900000, 0x0000000086a00000, 0x0000000086a00000|100%| O|  |TAMS 0x0000000086a00000, 0x0000000086900000| Untracked 
| 106|0x0000000086a00000, 0x0000000086a00000, 0x0000000086b00000|  0%| F|  |TAMS 0x0000000086a00000, 0x0000000086a00000| Untracked 
| 107|0x0000000086b00000, 0x0000000086c00000, 0x0000000086c00000|100%| O|  |TAMS 0x0000000086c00000, 0x0000000086b00000| Untracked 
| 108|0x0000000086c00000, 0x0000000086d00000, 0x0000000086d00000|100%| O|  |TAMS 0x0000000086d00000, 0x0000000086c00000| Untracked 
| 109|0x0000000086d00000, 0x0000000086e00000, 0x0000000086e00000|100%| O|  |TAMS 0x0000000086e00000, 0x0000000086d00000| Untracked 
| 110|0x0000000086e00000, 0x0000000086f00000, 0x0000000086f00000|100%| O|  |TAMS 0x0000000086f00000, 0x0000000086e00000| Untracked 
| 111|0x0000000086f00000, 0x0000000087000000, 0x0000000087000000|100%| O|  |TAMS 0x0000000087000000, 0x0000000086f00000| Untracked 
| 112|0x0000000087000000, 0x0000000087100000, 0x0000000087100000|100%| O|  |TAMS 0x0000000087100000, 0x0000000087000000| Untracked 
| 113|0x0000000087100000, 0x0000000087100000, 0x0000000087200000|  0%| F|  |TAMS 0x0000000087100000, 0x0000000087100000| Untracked 
| 114|0x0000000087200000, 0x0000000087300000, 0x0000000087300000|100%| O|  |TAMS 0x0000000087300000, 0x0000000087200000| Untracked 
| 115|0x0000000087300000, 0x0000000087300000, 0x0000000087400000|  0%| F|  |TAMS 0x0000000087300000, 0x0000000087300000| Untracked 
| 116|0x0000000087400000, 0x0000000087500000, 0x0000000087500000|100%| O|  |TAMS 0x0000000087500000, 0x0000000087400000| Untracked 
| 117|0x0000000087500000, 0x0000000087500000, 0x0000000087600000|  0%| F|  |TAMS 0x0000000087500000, 0x0000000087500000| Untracked 
| 118|0x0000000087600000, 0x0000000087700000, 0x0000000087700000|100%| O|  |TAMS 0x0000000087700000, 0x0000000087600000| Untracked 
| 119|0x0000000087700000, 0x0000000087800000, 0x0000000087800000|100%| O|  |TAMS 0x0000000087800000, 0x0000000087700000| Untracked 
| 120|0x0000000087800000, 0x0000000087900000, 0x0000000087900000|100%| O|  |TAMS 0x0000000087900000, 0x0000000087800000| Untracked 
| 121|0x0000000087900000, 0x0000000087a00000, 0x0000000087a00000|100%| O|  |TAMS 0x0000000087a00000, 0x0000000087900000| Untracked 
| 122|0x0000000087a00000, 0x0000000087b00000, 0x0000000087b00000|100%| O|  |TAMS 0x0000000087b00000, 0x0000000087a00000| Untracked 
| 123|0x0000000087b00000, 0x0000000087c00000, 0x0000000087c00000|100%| O|  |TAMS 0x0000000087c00000, 0x0000000087b00000| Untracked 
| 124|0x0000000087c00000, 0x0000000087d00000, 0x0000000087d00000|100%| O|  |TAMS 0x0000000087d00000, 0x0000000087c00000| Untracked 
| 125|0x0000000087d00000, 0x0000000087d00000, 0x0000000087e00000|  0%| F|  |TAMS 0x0000000087d00000, 0x0000000087d00000| Untracked 
| 126|0x0000000087e00000, 0x0000000087f00000, 0x0000000087f00000|100%| O|  |TAMS 0x0000000087f00000, 0x0000000087e00000| Untracked 
| 127|0x0000000087f00000, 0x0000000088000000, 0x0000000088000000|100%| O|  |TAMS 0x0000000088000000, 0x0000000087f00000| Untracked 
| 128|0x0000000088000000, 0x0000000088100000, 0x0000000088100000|100%| O|  |TAMS 0x0000000088100000, 0x0000000088000000| Untracked 
| 129|0x0000000088100000, 0x0000000088100000, 0x0000000088200000|  0%| F|  |TAMS 0x0000000088100000, 0x0000000088100000| Untracked 
| 130|0x0000000088200000, 0x0000000088300000, 0x0000000088300000|100%| O|  |TAMS 0x0000000088300000, 0x0000000088200000| Untracked 
| 131|0x0000000088300000, 0x0000000088300000, 0x0000000088400000|  0%| F|  |TAMS 0x0000000088300000, 0x0000000088300000| Untracked 
| 132|0x0000000088400000, 0x0000000088500000, 0x0000000088500000|100%| O|  |TAMS 0x0000000088500000, 0x0000000088400000| Untracked 
| 133|0x0000000088500000, 0x0000000088500000, 0x0000000088600000|  0%| F|  |TAMS 0x0000000088500000, 0x0000000088500000| Untracked 
| 134|0x0000000088600000, 0x0000000088700000, 0x0000000088700000|100%| O|  |TAMS 0x0000000088700000, 0x0000000088600000| Untracked 
| 135|0x0000000088700000, 0x0000000088800000, 0x0000000088800000|100%| O|  |TAMS 0x0000000088800000, 0x0000000088700000| Untracked 
| 136|0x0000000088800000, 0x0000000088900000, 0x0000000088900000|100%| O|  |TAMS 0x0000000088900000, 0x0000000088800000| Untracked 
| 137|0x0000000088900000, 0x0000000088a00000, 0x0000000088a00000|100%| O|  |TAMS 0x0000000088a00000, 0x0000000088900000| Untracked 
| 138|0x0000000088a00000, 0x0000000088b00000, 0x0000000088b00000|100%| O|  |TAMS 0x0000000088b00000, 0x0000000088a00000| Untracked 
| 139|0x0000000088b00000, 0x0000000088b00000, 0x0000000088c00000|  0%| F|  |TAMS 0x0000000088b00000, 0x0000000088b00000| Untracked 
| 140|0x0000000088c00000, 0x0000000088d00000, 0x0000000088d00000|100%| O|  |TAMS 0x0000000088d00000, 0x0000000088c00000| Untracked 
| 141|0x0000000088d00000, 0x0000000088e00000, 0x0000000088e00000|100%| O|  |TAMS 0x0000000088e00000, 0x0000000088d00000| Untracked 
| 142|0x0000000088e00000, 0x0000000088f00000, 0x0000000088f00000|100%| O|  |TAMS 0x0000000088f00000, 0x0000000088e00000| Untracked 
| 143|0x0000000088f00000, 0x0000000089000000, 0x0000000089000000|100%| O|  |TAMS 0x0000000089000000, 0x0000000088f00000| Untracked 
| 144|0x0000000089000000, 0x0000000089100000, 0x0000000089100000|100%| O|  |TAMS 0x0000000089100000, 0x0000000089000000| Untracked 
| 145|0x0000000089100000, 0x0000000089200000, 0x0000000089200000|100%| O|  |TAMS 0x0000000089200000, 0x0000000089100000| Untracked 
| 146|0x0000000089200000, 0x0000000089283c00, 0x0000000089300000| 51%| O|  |TAMS 0x0000000089283c00, 0x0000000089200000| Untracked 
| 147|0x0000000089300000, 0x0000000089400000, 0x0000000089400000|100%|HS|  |TAMS 0x0000000089300000, 0x0000000089300000| Complete 
| 148|0x0000000089400000, 0x0000000089500000, 0x0000000089500000|100%|HC|  |TAMS 0x0000000089400000, 0x0000000089400000| Complete 
| 149|0x0000000089500000, 0x0000000089600000, 0x0000000089600000|100%|HC|  |TAMS 0x0000000089500000, 0x0000000089500000| Complete 
| 150|0x0000000089600000, 0x0000000089700000, 0x0000000089700000|100%|HC|  |TAMS 0x0000000089600000, 0x0000000089600000| Complete 
| 151|0x0000000089700000, 0x0000000089800000, 0x0000000089800000|100%|HC|  |TAMS 0x0000000089700000, 0x0000000089700000| Complete 
| 152|0x0000000089800000, 0x0000000089900000, 0x0000000089900000|100%|HC|  |TAMS 0x0000000089800000, 0x0000000089800000| Complete 
| 153|0x0000000089900000, 0x0000000089900000, 0x0000000089a00000|  0%| F|  |TAMS 0x0000000089900000, 0x0000000089900000| Untracked 
| 154|0x0000000089a00000, 0x0000000089a00000, 0x0000000089b00000|  0%| F|  |TAMS 0x0000000089a00000, 0x0000000089a00000| Untracked 
| 155|0x0000000089b00000, 0x0000000089b00000, 0x0000000089c00000|  0%| F|  |TAMS 0x0000000089b00000, 0x0000000089b00000| Untracked 
| 156|0x0000000089c00000, 0x0000000089c00000, 0x0000000089d00000|  0%| F|  |TAMS 0x0000000089c00000, 0x0000000089c00000| Untracked 
| 157|0x0000000089d00000, 0x0000000089d00000, 0x0000000089e00000|  0%| F|  |TAMS 0x0000000089d00000, 0x0000000089d00000| Untracked 
| 158|0x0000000089e00000, 0x0000000089e00000, 0x0000000089f00000|  0%| F|  |TAMS 0x0000000089e00000, 0x0000000089e00000| Untracked 
| 159|0x0000000089f00000, 0x0000000089f00000, 0x000000008a000000|  0%| F|  |TAMS 0x0000000089f00000, 0x0000000089f00000| Untracked 
| 160|0x000000008a000000, 0x000000008a000000, 0x000000008a100000|  0%| F|  |TAMS 0x000000008a000000, 0x000000008a000000| Untracked 
| 161|0x000000008a100000, 0x000000008a100000, 0x000000008a200000|  0%| F|  |TAMS 0x000000008a100000, 0x000000008a100000| Untracked 
| 162|0x000000008a200000, 0x000000008a200000, 0x000000008a300000|  0%| F|  |TAMS 0x000000008a200000, 0x000000008a200000| Untracked 
| 163|0x000000008a300000, 0x000000008a300000, 0x000000008a400000|  0%| F|  |TAMS 0x000000008a300000, 0x000000008a300000| Untracked 
| 164|0x000000008a400000, 0x000000008a400000, 0x000000008a500000|  0%| F|  |TAMS 0x000000008a400000, 0x000000008a400000| Untracked 
| 165|0x000000008a500000, 0x000000008a500000, 0x000000008a600000|  0%| F|  |TAMS 0x000000008a500000, 0x000000008a500000| Untracked 
| 166|0x000000008a600000, 0x000000008a600000, 0x000000008a700000|  0%| F|  |TAMS 0x000000008a600000, 0x000000008a600000| Untracked 
| 167|0x000000008a700000, 0x000000008a700000, 0x000000008a800000|  0%| F|  |TAMS 0x000000008a700000, 0x000000008a700000| Untracked 
| 168|0x000000008a800000, 0x000000008a800000, 0x000000008a900000|  0%| F|  |TAMS 0x000000008a800000, 0x000000008a800000| Untracked 
| 169|0x000000008a900000, 0x000000008a900000, 0x000000008aa00000|  0%| F|  |TAMS 0x000000008a900000, 0x000000008a900000| Untracked 
| 170|0x000000008aa00000, 0x000000008aa00000, 0x000000008ab00000|  0%| F|  |TAMS 0x000000008aa00000, 0x000000008aa00000| Untracked 
| 171|0x000000008ab00000, 0x000000008ab00000, 0x000000008ac00000|  0%| F|  |TAMS 0x000000008ab00000, 0x000000008ab00000| Untracked 
| 172|0x000000008ac00000, 0x000000008ac00000, 0x000000008ad00000|  0%| F|  |TAMS 0x000000008ac00000, 0x000000008ac00000| Untracked 
| 173|0x000000008ad00000, 0x000000008ad00000, 0x000000008ae00000|  0%| F|  |TAMS 0x000000008ad00000, 0x000000008ad00000| Untracked 
| 174|0x000000008ae00000, 0x000000008ae00000, 0x000000008af00000|  0%| F|  |TAMS 0x000000008ae00000, 0x000000008ae00000| Untracked 
| 175|0x000000008af00000, 0x000000008af00000, 0x000000008b000000|  0%| F|  |TAMS 0x000000008af00000, 0x000000008af00000| Untracked 
| 176|0x000000008b000000, 0x000000008b000000, 0x000000008b100000|  0%| F|  |TAMS 0x000000008b000000, 0x000000008b000000| Untracked 
| 177|0x000000008b100000, 0x000000008b100000, 0x000000008b200000|  0%| F|  |TAMS 0x000000008b100000, 0x000000008b100000| Untracked 
| 178|0x000000008b200000, 0x000000008b200000, 0x000000008b300000|  0%| F|  |TAMS 0x000000008b200000, 0x000000008b200000| Untracked 
| 179|0x000000008b300000, 0x000000008b300000, 0x000000008b400000|  0%| F|  |TAMS 0x000000008b300000, 0x000000008b300000| Untracked 
| 180|0x000000008b400000, 0x000000008b400000, 0x000000008b500000|  0%| F|  |TAMS 0x000000008b400000, 0x000000008b400000| Untracked 
| 181|0x000000008b500000, 0x000000008b500000, 0x000000008b600000|  0%| F|  |TAMS 0x000000008b500000, 0x000000008b500000| Untracked 
| 182|0x000000008b600000, 0x000000008b600000, 0x000000008b700000|  0%| F|  |TAMS 0x000000008b600000, 0x000000008b600000| Untracked 
| 183|0x000000008b700000, 0x000000008b700000, 0x000000008b800000|  0%| F|  |TAMS 0x000000008b700000, 0x000000008b700000| Untracked 
| 184|0x000000008b800000, 0x000000008b800000, 0x000000008b900000|  0%| F|  |TAMS 0x000000008b800000, 0x000000008b800000| Untracked 
| 185|0x000000008b900000, 0x000000008b900000, 0x000000008ba00000|  0%| F|  |TAMS 0x000000008b900000, 0x000000008b900000| Untracked 
| 186|0x000000008ba00000, 0x000000008ba00000, 0x000000008bb00000|  0%| F|  |TAMS 0x000000008ba00000, 0x000000008ba00000| Untracked 
| 187|0x000000008bb00000, 0x000000008bb00000, 0x000000008bc00000|  0%| F|  |TAMS 0x000000008bb00000, 0x000000008bb00000| Untracked 
| 188|0x000000008bc00000, 0x000000008bc00000, 0x000000008bd00000|  0%| F|  |TAMS 0x000000008bc00000, 0x000000008bc00000| Untracked 
| 189|0x000000008bd00000, 0x000000008bd00000, 0x000000008be00000|  0%| F|  |TAMS 0x000000008bd00000, 0x000000008bd00000| Untracked 
| 190|0x000000008be00000, 0x000000008be00000, 0x000000008bf00000|  0%| F|  |TAMS 0x000000008be00000, 0x000000008be00000| Untracked 
| 191|0x000000008bf00000, 0x000000008bf00000, 0x000000008c000000|  0%| F|  |TAMS 0x000000008bf00000, 0x000000008bf00000| Untracked 
| 192|0x000000008c000000, 0x000000008c000000, 0x000000008c100000|  0%| F|  |TAMS 0x000000008c000000, 0x000000008c000000| Untracked 
| 193|0x000000008c100000, 0x000000008c100000, 0x000000008c200000|  0%| F|  |TAMS 0x000000008c100000, 0x000000008c100000| Untracked 
| 194|0x000000008c200000, 0x000000008c200000, 0x000000008c300000|  0%| F|  |TAMS 0x000000008c200000, 0x000000008c200000| Untracked 
| 195|0x000000008c300000, 0x000000008c300000, 0x000000008c400000|  0%| F|  |TAMS 0x000000008c300000, 0x000000008c300000| Untracked 
| 196|0x000000008c400000, 0x000000008c400000, 0x000000008c500000|  0%| F|  |TAMS 0x000000008c400000, 0x000000008c400000| Untracked 
| 197|0x000000008c500000, 0x000000008c500000, 0x000000008c600000|  0%| F|  |TAMS 0x000000008c500000, 0x000000008c500000| Untracked 
| 198|0x000000008c600000, 0x000000008c600000, 0x000000008c700000|  0%| F|  |TAMS 0x000000008c600000, 0x000000008c600000| Untracked 
| 199|0x000000008c700000, 0x000000008c700000, 0x000000008c800000|  0%| F|  |TAMS 0x000000008c700000, 0x000000008c700000| Untracked 
| 200|0x000000008c800000, 0x000000008c800000, 0x000000008c900000|  0%| F|  |TAMS 0x000000008c800000, 0x000000008c800000| Untracked 
| 201|0x000000008c900000, 0x000000008c900000, 0x000000008ca00000|  0%| F|  |TAMS 0x000000008c900000, 0x000000008c900000| Untracked 
| 202|0x000000008ca00000, 0x000000008ca00000, 0x000000008cb00000|  0%| F|  |TAMS 0x000000008ca00000, 0x000000008ca00000| Untracked 
| 203|0x000000008cb00000, 0x000000008cb00000, 0x000000008cc00000|  0%| F|  |TAMS 0x000000008cb00000, 0x000000008cb00000| Untracked 
| 204|0x000000008cc00000, 0x000000008cc00000, 0x000000008cd00000|  0%| F|  |TAMS 0x000000008cc00000, 0x000000008cc00000| Untracked 
| 205|0x000000008cd00000, 0x000000008cd00000, 0x000000008ce00000|  0%| F|  |TAMS 0x000000008cd00000, 0x000000008cd00000| Untracked 
| 206|0x000000008ce00000, 0x000000008ce00000, 0x000000008cf00000|  0%| F|  |TAMS 0x000000008ce00000, 0x000000008ce00000| Untracked 
| 207|0x000000008cf00000, 0x000000008cf00000, 0x000000008d000000|  0%| F|  |TAMS 0x000000008cf00000, 0x000000008cf00000| Untracked 
| 208|0x000000008d000000, 0x000000008d000000, 0x000000008d100000|  0%| F|  |TAMS 0x000000008d000000, 0x000000008d000000| Untracked 
| 209|0x000000008d100000, 0x000000008d100000, 0x000000008d200000|  0%| F|  |TAMS 0x000000008d100000, 0x000000008d100000| Untracked 
| 210|0x000000008d200000, 0x000000008d200000, 0x000000008d300000|  0%| F|  |TAMS 0x000000008d200000, 0x000000008d200000| Untracked 
| 211|0x000000008d300000, 0x000000008d300000, 0x000000008d400000|  0%| F|  |TAMS 0x000000008d300000, 0x000000008d300000| Untracked 
| 212|0x000000008d400000, 0x000000008d400000, 0x000000008d500000|  0%| F|  |TAMS 0x000000008d400000, 0x000000008d400000| Untracked 
| 213|0x000000008d500000, 0x000000008d500000, 0x000000008d600000|  0%| F|  |TAMS 0x000000008d500000, 0x000000008d500000| Untracked 
| 214|0x000000008d600000, 0x000000008d600000, 0x000000008d700000|  0%| F|  |TAMS 0x000000008d600000, 0x000000008d600000| Untracked 
| 215|0x000000008d700000, 0x000000008d700000, 0x000000008d800000|  0%| F|  |TAMS 0x000000008d700000, 0x000000008d700000| Untracked 
| 216|0x000000008d800000, 0x000000008d800000, 0x000000008d900000|  0%| F|  |TAMS 0x000000008d800000, 0x000000008d800000| Untracked 
| 217|0x000000008d900000, 0x000000008d900000, 0x000000008da00000|  0%| F|  |TAMS 0x000000008d900000, 0x000000008d900000| Untracked 
| 218|0x000000008da00000, 0x000000008da00000, 0x000000008db00000|  0%| F|  |TAMS 0x000000008da00000, 0x000000008da00000| Untracked 
| 219|0x000000008db00000, 0x000000008db00000, 0x000000008dc00000|  0%| F|  |TAMS 0x000000008db00000, 0x000000008db00000| Untracked 
| 220|0x000000008dc00000, 0x000000008dc00000, 0x000000008dd00000|  0%| F|  |TAMS 0x000000008dc00000, 0x000000008dc00000| Untracked 
| 221|0x000000008dd00000, 0x000000008dd00000, 0x000000008de00000|  0%| F|  |TAMS 0x000000008dd00000, 0x000000008dd00000| Untracked 
| 222|0x000000008de00000, 0x000000008de00000, 0x000000008df00000|  0%| F|  |TAMS 0x000000008de00000, 0x000000008de00000| Untracked 
| 223|0x000000008df00000, 0x000000008df00000, 0x000000008e000000|  0%| F|  |TAMS 0x000000008df00000, 0x000000008df00000| Untracked 
| 224|0x000000008e000000, 0x000000008e000000, 0x000000008e100000|  0%| F|  |TAMS 0x000000008e000000, 0x000000008e000000| Untracked 
| 225|0x000000008e100000, 0x000000008e100000, 0x000000008e200000|  0%| F|  |TAMS 0x000000008e100000, 0x000000008e100000| Untracked 
| 226|0x000000008e200000, 0x000000008e200000, 0x000000008e300000|  0%| F|  |TAMS 0x000000008e200000, 0x000000008e200000| Untracked 
| 227|0x000000008e300000, 0x000000008e300000, 0x000000008e400000|  0%| F|  |TAMS 0x000000008e300000, 0x000000008e300000| Untracked 
| 228|0x000000008e400000, 0x000000008e400000, 0x000000008e500000|  0%| F|  |TAMS 0x000000008e400000, 0x000000008e400000| Untracked 
| 229|0x000000008e500000, 0x000000008e500000, 0x000000008e600000|  0%| F|  |TAMS 0x000000008e500000, 0x000000008e500000| Untracked 
| 230|0x000000008e600000, 0x000000008e600000, 0x000000008e700000|  0%| F|  |TAMS 0x000000008e600000, 0x000000008e600000| Untracked 
| 231|0x000000008e700000, 0x000000008e700000, 0x000000008e800000|  0%| F|  |TAMS 0x000000008e700000, 0x000000008e700000| Untracked 
| 232|0x000000008e800000, 0x000000008e800000, 0x000000008e900000|  0%| F|  |TAMS 0x000000008e800000, 0x000000008e800000| Untracked 
| 233|0x000000008e900000, 0x000000008e900000, 0x000000008ea00000|  0%| F|  |TAMS 0x000000008e900000, 0x000000008e900000| Untracked 
| 234|0x000000008ea00000, 0x000000008ea00000, 0x000000008eb00000|  0%| F|  |TAMS 0x000000008ea00000, 0x000000008ea00000| Untracked 
| 235|0x000000008eb00000, 0x000000008eb00000, 0x000000008ec00000|  0%| F|  |TAMS 0x000000008eb00000, 0x000000008eb00000| Untracked 
| 236|0x000000008ec00000, 0x000000008ec00000, 0x000000008ed00000|  0%| F|  |TAMS 0x000000008ec00000, 0x000000008ec00000| Untracked 
| 237|0x000000008ed00000, 0x000000008ed00000, 0x000000008ee00000|  0%| F|  |TAMS 0x000000008ed00000, 0x000000008ed00000| Untracked 
| 238|0x000000008ee00000, 0x000000008ee00000, 0x000000008ef00000|  0%| F|  |TAMS 0x000000008ee00000, 0x000000008ee00000| Untracked 
| 239|0x000000008ef00000, 0x000000008ef00000, 0x000000008f000000|  0%| F|  |TAMS 0x000000008ef00000, 0x000000008ef00000| Untracked 
| 240|0x000000008f000000, 0x000000008f000000, 0x000000008f100000|  0%| F|  |TAMS 0x000000008f000000, 0x000000008f000000| Untracked 
| 241|0x000000008f100000, 0x000000008f100000, 0x000000008f200000|  0%| F|  |TAMS 0x000000008f100000, 0x000000008f100000| Untracked 
| 242|0x000000008f200000, 0x000000008f200000, 0x000000008f300000|  0%| F|  |TAMS 0x000000008f200000, 0x000000008f200000| Untracked 
| 243|0x000000008f300000, 0x000000008f300000, 0x000000008f400000|  0%| F|  |TAMS 0x000000008f300000, 0x000000008f300000| Untracked 
| 244|0x000000008f400000, 0x000000008f400000, 0x000000008f500000|  0%| F|  |TAMS 0x000000008f400000, 0x000000008f400000| Untracked 
| 245|0x000000008f500000, 0x000000008f500000, 0x000000008f600000|  0%| F|  |TAMS 0x000000008f500000, 0x000000008f500000| Untracked 
| 246|0x000000008f600000, 0x000000008f600000, 0x000000008f700000|  0%| F|  |TAMS 0x000000008f600000, 0x000000008f600000| Untracked 
| 247|0x000000008f700000, 0x000000008f700000, 0x000000008f800000|  0%| F|  |TAMS 0x000000008f700000, 0x000000008f700000| Untracked 
| 248|0x000000008f800000, 0x000000008f800000, 0x000000008f900000|  0%| F|  |TAMS 0x000000008f800000, 0x000000008f800000| Untracked 
| 249|0x000000008f900000, 0x000000008f900000, 0x000000008fa00000|  0%| F|  |TAMS 0x000000008f900000, 0x000000008f900000| Untracked 
| 250|0x000000008fa00000, 0x000000008fa00000, 0x000000008fb00000|  0%| F|  |TAMS 0x000000008fa00000, 0x000000008fa00000| Untracked 
| 251|0x000000008fb00000, 0x000000008fb00000, 0x000000008fc00000|  0%| F|  |TAMS 0x000000008fb00000, 0x000000008fb00000| Untracked 
| 252|0x000000008fc00000, 0x000000008fc00000, 0x000000008fd00000|  0%| F|  |TAMS 0x000000008fc00000, 0x000000008fc00000| Untracked 
| 253|0x000000008fd00000, 0x000000008fd00000, 0x000000008fe00000|  0%| F|  |TAMS 0x000000008fd00000, 0x000000008fd00000| Untracked 
| 254|0x000000008fe00000, 0x000000008fe00000, 0x000000008ff00000|  0%| F|  |TAMS 0x000000008fe00000, 0x000000008fe00000| Untracked 
| 255|0x000000008ff00000, 0x000000008ff00000, 0x0000000090000000|  0%| F|  |TAMS 0x000000008ff00000, 0x000000008ff00000| Untracked 
| 256|0x0000000090000000, 0x0000000090000000, 0x0000000090100000|  0%| F|  |TAMS 0x0000000090000000, 0x0000000090000000| Untracked 
| 257|0x0000000090100000, 0x0000000090100000, 0x0000000090200000|  0%| F|  |TAMS 0x0000000090100000, 0x0000000090100000| Untracked 
| 258|0x0000000090200000, 0x0000000090200000, 0x0000000090300000|  0%| F|  |TAMS 0x0000000090200000, 0x0000000090200000| Untracked 
| 259|0x0000000090300000, 0x0000000090300000, 0x0000000090400000|  0%| F|  |TAMS 0x0000000090300000, 0x0000000090300000| Untracked 
| 260|0x0000000090400000, 0x0000000090400000, 0x0000000090500000|  0%| F|  |TAMS 0x0000000090400000, 0x0000000090400000| Untracked 
| 261|0x0000000090500000, 0x0000000090500000, 0x0000000090600000|  0%| F|  |TAMS 0x0000000090500000, 0x0000000090500000| Untracked 
| 262|0x0000000090600000, 0x0000000090600000, 0x0000000090700000|  0%| F|  |TAMS 0x0000000090600000, 0x0000000090600000| Untracked 
| 263|0x0000000090700000, 0x0000000090700000, 0x0000000090800000|  0%| F|  |TAMS 0x0000000090700000, 0x0000000090700000| Untracked 
| 264|0x0000000090800000, 0x0000000090800000, 0x0000000090900000|  0%| F|  |TAMS 0x0000000090800000, 0x0000000090800000| Untracked 
| 265|0x0000000090900000, 0x0000000090900000, 0x0000000090a00000|  0%| F|  |TAMS 0x0000000090900000, 0x0000000090900000| Untracked 
| 266|0x0000000090a00000, 0x0000000090a00000, 0x0000000090b00000|  0%| F|  |TAMS 0x0000000090a00000, 0x0000000090a00000| Untracked 
| 267|0x0000000090b00000, 0x0000000090b00000, 0x0000000090c00000|  0%| F|  |TAMS 0x0000000090b00000, 0x0000000090b00000| Untracked 
| 268|0x0000000090c00000, 0x0000000090c00000, 0x0000000090d00000|  0%| F|  |TAMS 0x0000000090c00000, 0x0000000090c00000| Untracked 
| 269|0x0000000090d00000, 0x0000000090d00000, 0x0000000090e00000|  0%| F|  |TAMS 0x0000000090d00000, 0x0000000090d00000| Untracked 
| 270|0x0000000090e00000, 0x0000000090e00000, 0x0000000090f00000|  0%| F|  |TAMS 0x0000000090e00000, 0x0000000090e00000| Untracked 
| 271|0x0000000090f00000, 0x0000000090f00000, 0x0000000091000000|  0%| F|  |TAMS 0x0000000090f00000, 0x0000000090f00000| Untracked 
| 272|0x0000000091000000, 0x0000000091000000, 0x0000000091100000|  0%| F|  |TAMS 0x0000000091000000, 0x0000000091000000| Untracked 
| 273|0x0000000091100000, 0x0000000091100000, 0x0000000091200000|  0%| F|  |TAMS 0x0000000091100000, 0x0000000091100000| Untracked 
| 274|0x0000000091200000, 0x0000000091200000, 0x0000000091300000|  0%| F|  |TAMS 0x0000000091200000, 0x0000000091200000| Untracked 
| 275|0x0000000091300000, 0x0000000091300000, 0x0000000091400000|  0%| F|  |TAMS 0x0000000091300000, 0x0000000091300000| Untracked 
| 276|0x0000000091400000, 0x0000000091400000, 0x0000000091500000|  0%| F|  |TAMS 0x0000000091400000, 0x0000000091400000| Untracked 
| 277|0x0000000091500000, 0x0000000091500000, 0x0000000091600000|  0%| F|  |TAMS 0x0000000091500000, 0x0000000091500000| Untracked 
| 278|0x0000000091600000, 0x0000000091600000, 0x0000000091700000|  0%| F|  |TAMS 0x0000000091600000, 0x0000000091600000| Untracked 
| 279|0x0000000091700000, 0x0000000091700000, 0x0000000091800000|  0%| F|  |TAMS 0x0000000091700000, 0x0000000091700000| Untracked 
| 280|0x0000000091800000, 0x0000000091800000, 0x0000000091900000|  0%| F|  |TAMS 0x0000000091800000, 0x0000000091800000| Untracked 
| 281|0x0000000091900000, 0x0000000091900000, 0x0000000091a00000|  0%| F|  |TAMS 0x0000000091900000, 0x0000000091900000| Untracked 
| 282|0x0000000091a00000, 0x0000000091a4f360, 0x0000000091b00000| 30%| E|  |TAMS 0x0000000091a00000, 0x0000000091a00000| Complete 
| 283|0x0000000091b00000, 0x0000000091c00000, 0x0000000091c00000|100%| E|CS|TAMS 0x0000000091b00000, 0x0000000091b00000| Complete 
| 284|0x0000000091c00000, 0x0000000091d00000, 0x0000000091d00000|100%| E|CS|TAMS 0x0000000091c00000, 0x0000000091c00000| Complete 
| 285|0x0000000091d00000, 0x0000000091e00000, 0x0000000091e00000|100%| E|CS|TAMS 0x0000000091d00000, 0x0000000091d00000| Complete 
| 286|0x0000000091e00000, 0x0000000091f00000, 0x0000000091f00000|100%| E|CS|TAMS 0x0000000091e00000, 0x0000000091e00000| Complete 
| 287|0x0000000091f00000, 0x0000000092000000, 0x0000000092000000|100%| E|CS|TAMS 0x0000000091f00000, 0x0000000091f00000| Complete 
| 288|0x0000000092000000, 0x0000000092100000, 0x0000000092100000|100%| E|CS|TAMS 0x0000000092000000, 0x0000000092000000| Complete 
| 289|0x0000000092100000, 0x0000000092200000, 0x0000000092200000|100%| E|CS|TAMS 0x0000000092100000, 0x0000000092100000| Complete 
| 290|0x0000000092200000, 0x0000000092300000, 0x0000000092300000|100%| E|CS|TAMS 0x0000000092200000, 0x0000000092200000| Complete 
| 291|0x0000000092300000, 0x0000000092400000, 0x0000000092400000|100%| E|CS|TAMS 0x0000000092300000, 0x0000000092300000| Complete 
| 292|0x0000000092400000, 0x0000000092500000, 0x0000000092500000|100%| E|CS|TAMS 0x0000000092400000, 0x0000000092400000| Complete 
| 293|0x0000000092500000, 0x0000000092600000, 0x0000000092600000|100%| E|CS|TAMS 0x0000000092500000, 0x0000000092500000| Complete 
| 294|0x0000000092600000, 0x0000000092700000, 0x0000000092700000|100%| E|CS|TAMS 0x0000000092600000, 0x0000000092600000| Complete 
| 295|0x0000000092700000, 0x0000000092800000, 0x0000000092800000|100%| E|CS|TAMS 0x0000000092700000, 0x0000000092700000| Complete 
| 296|0x0000000092800000, 0x0000000092900000, 0x0000000092900000|100%| E|CS|TAMS 0x0000000092800000, 0x0000000092800000| Complete 
| 297|0x0000000092900000, 0x0000000092a00000, 0x0000000092a00000|100%| E|CS|TAMS 0x0000000092900000, 0x0000000092900000| Complete 
| 298|0x0000000092a00000, 0x0000000092b00000, 0x0000000092b00000|100%| E|CS|TAMS 0x0000000092a00000, 0x0000000092a00000| Complete 
| 299|0x0000000092b00000, 0x0000000092c00000, 0x0000000092c00000|100%| E|CS|TAMS 0x0000000092b00000, 0x0000000092b00000| Complete 
| 300|0x0000000092c00000, 0x0000000092d00000, 0x0000000092d00000|100%| E|CS|TAMS 0x0000000092c00000, 0x0000000092c00000| Complete 
| 301|0x0000000092d00000, 0x0000000092e00000, 0x0000000092e00000|100%| E|CS|TAMS 0x0000000092d00000, 0x0000000092d00000| Complete 
| 302|0x0000000092e00000, 0x0000000092f00000, 0x0000000092f00000|100%| E|CS|TAMS 0x0000000092e00000, 0x0000000092e00000| Complete 
| 303|0x0000000092f00000, 0x0000000093000000, 0x0000000093000000|100%| E|CS|TAMS 0x0000000092f00000, 0x0000000092f00000| Complete 
| 304|0x0000000093000000, 0x0000000093100000, 0x0000000093100000|100%| E|CS|TAMS 0x0000000093000000, 0x0000000093000000| Complete 
| 305|0x0000000093100000, 0x0000000093200000, 0x0000000093200000|100%| E|CS|TAMS 0x0000000093100000, 0x0000000093100000| Complete 
| 306|0x0000000093200000, 0x0000000093300000, 0x0000000093300000|100%| E|CS|TAMS 0x0000000093200000, 0x0000000093200000| Complete 
| 307|0x0000000093300000, 0x0000000093400000, 0x0000000093400000|100%| E|CS|TAMS 0x0000000093300000, 0x0000000093300000| Complete 
| 308|0x0000000093400000, 0x0000000093500000, 0x0000000093500000|100%| E|CS|TAMS 0x0000000093400000, 0x0000000093400000| Complete 
| 309|0x0000000093500000, 0x0000000093600000, 0x0000000093600000|100%| E|CS|TAMS 0x0000000093500000, 0x0000000093500000| Complete 
| 310|0x0000000093600000, 0x0000000093700000, 0x0000000093700000|100%| E|CS|TAMS 0x0000000093600000, 0x0000000093600000| Complete 
| 311|0x0000000093700000, 0x0000000093800000, 0x0000000093800000|100%| E|CS|TAMS 0x0000000093700000, 0x0000000093700000| Complete 
| 312|0x0000000093800000, 0x0000000093900000, 0x0000000093900000|100%| E|CS|TAMS 0x0000000093800000, 0x0000000093800000| Complete 
| 313|0x0000000093900000, 0x0000000093a00000, 0x0000000093a00000|100%| E|CS|TAMS 0x0000000093900000, 0x0000000093900000| Complete 
| 314|0x0000000093a00000, 0x0000000093b00000, 0x0000000093b00000|100%| E|CS|TAMS 0x0000000093a00000, 0x0000000093a00000| Complete 
| 315|0x0000000093b00000, 0x0000000093c00000, 0x0000000093c00000|100%| E|CS|TAMS 0x0000000093b00000, 0x0000000093b00000| Complete 
| 316|0x0000000093c00000, 0x0000000093d00000, 0x0000000093d00000|100%| E|CS|TAMS 0x0000000093c00000, 0x0000000093c00000| Complete 
| 317|0x0000000093d00000, 0x0000000093e00000, 0x0000000093e00000|100%| E|CS|TAMS 0x0000000093d00000, 0x0000000093d00000| Complete 
| 318|0x0000000093e00000, 0x0000000093f00000, 0x0000000093f00000|100%| E|CS|TAMS 0x0000000093e00000, 0x0000000093e00000| Complete 
| 319|0x0000000093f00000, 0x0000000094000000, 0x0000000094000000|100%| E|CS|TAMS 0x0000000093f00000, 0x0000000093f00000| Complete 
| 320|0x0000000094000000, 0x0000000094100000, 0x0000000094100000|100%| E|CS|TAMS 0x0000000094000000, 0x0000000094000000| Complete 
| 321|0x0000000094100000, 0x0000000094200000, 0x0000000094200000|100%| E|CS|TAMS 0x0000000094100000, 0x0000000094100000| Complete 
| 322|0x0000000094200000, 0x0000000094300000, 0x0000000094300000|100%| E|CS|TAMS 0x0000000094200000, 0x0000000094200000| Complete 
| 323|0x0000000094300000, 0x0000000094400000, 0x0000000094400000|100%| E|CS|TAMS 0x0000000094300000, 0x0000000094300000| Complete 
| 324|0x0000000094400000, 0x0000000094500000, 0x0000000094500000|100%| E|CS|TAMS 0x0000000094400000, 0x0000000094400000| Complete 
| 325|0x0000000094500000, 0x0000000094600000, 0x0000000094600000|100%| E|CS|TAMS 0x0000000094500000, 0x0000000094500000| Complete 
| 326|0x0000000094600000, 0x0000000094700000, 0x0000000094700000|100%| E|CS|TAMS 0x0000000094600000, 0x0000000094600000| Complete 
| 327|0x0000000094700000, 0x0000000094800000, 0x0000000094800000|100%| E|CS|TAMS 0x0000000094700000, 0x0000000094700000| Complete 
| 328|0x0000000094800000, 0x0000000094900000, 0x0000000094900000|100%| E|CS|TAMS 0x0000000094800000, 0x0000000094800000| Complete 
| 329|0x0000000094900000, 0x0000000094a00000, 0x0000000094a00000|100%| E|CS|TAMS 0x0000000094900000, 0x0000000094900000| Complete 
| 330|0x0000000094a00000, 0x0000000094b00000, 0x0000000094b00000|100%| E|CS|TAMS 0x0000000094a00000, 0x0000000094a00000| Complete 
| 331|0x0000000094b00000, 0x0000000094c00000, 0x0000000094c00000|100%| E|CS|TAMS 0x0000000094b00000, 0x0000000094b00000| Complete 
| 332|0x0000000094c00000, 0x0000000094d00000, 0x0000000094d00000|100%| E|CS|TAMS 0x0000000094c00000, 0x0000000094c00000| Complete 
| 333|0x0000000094d00000, 0x0000000094d75670, 0x0000000094e00000| 45%| S|CS|TAMS 0x0000000094d00000, 0x0000000094d00000| Complete 
| 334|0x0000000094e00000, 0x0000000094f00000, 0x0000000094f00000|100%| S|CS|TAMS 0x0000000094e00000, 0x0000000094e00000| Complete 
| 335|0x0000000094f00000, 0x0000000095000000, 0x0000000095000000|100%| S|CS|TAMS 0x0000000094f00000, 0x0000000094f00000| Complete 
| 336|0x0000000095000000, 0x0000000095100000, 0x0000000095100000|100%| S|CS|TAMS 0x0000000095000000, 0x0000000095000000| Complete 
| 337|0x0000000095100000, 0x0000000095200000, 0x0000000095200000|100%| S|CS|TAMS 0x0000000095100000, 0x0000000095100000| Complete 
| 338|0x0000000095200000, 0x0000000095300000, 0x0000000095300000|100%| S|CS|TAMS 0x0000000095200000, 0x0000000095200000| Complete 
| 339|0x0000000095300000, 0x0000000095400000, 0x0000000095400000|100%| S|CS|TAMS 0x0000000095300000, 0x0000000095300000| Complete 
| 340|0x0000000095400000, 0x0000000095500000, 0x0000000095500000|100%| E|CS|TAMS 0x0000000095400000, 0x0000000095400000| Complete 
| 341|0x0000000095500000, 0x0000000095600000, 0x0000000095600000|100%| E|CS|TAMS 0x0000000095500000, 0x0000000095500000| Complete 
| 342|0x0000000095600000, 0x0000000095700000, 0x0000000095700000|100%| E|CS|TAMS 0x0000000095600000, 0x0000000095600000| Complete 
| 343|0x0000000095700000, 0x0000000095800000, 0x0000000095800000|100%| E|CS|TAMS 0x0000000095700000, 0x0000000095700000| Complete 
| 344|0x0000000095800000, 0x0000000095900000, 0x0000000095900000|100%| E|CS|TAMS 0x0000000095800000, 0x0000000095800000| Complete 
| 345|0x0000000095900000, 0x0000000095a00000, 0x0000000095a00000|100%| E|CS|TAMS 0x0000000095900000, 0x0000000095900000| Complete 
| 346|0x0000000095a00000, 0x0000000095b00000, 0x0000000095b00000|100%| E|CS|TAMS 0x0000000095a00000, 0x0000000095a00000| Complete 
| 347|0x0000000095b00000, 0x0000000095c00000, 0x0000000095c00000|100%| E|CS|TAMS 0x0000000095b00000, 0x0000000095b00000| Complete 
| 348|0x0000000095c00000, 0x0000000095d00000, 0x0000000095d00000|100%| E|CS|TAMS 0x0000000095c00000, 0x0000000095c00000| Complete 
| 349|0x0000000095d00000, 0x0000000095e00000, 0x0000000095e00000|100%| E|CS|TAMS 0x0000000095d00000, 0x0000000095d00000| Complete 
| 350|0x0000000095e00000, 0x0000000095f00000, 0x0000000095f00000|100%| E|CS|TAMS 0x0000000095e00000, 0x0000000095e00000| Complete 
| 351|0x0000000095f00000, 0x0000000096000000, 0x0000000096000000|100%| E|CS|TAMS 0x0000000095f00000, 0x0000000095f00000| Complete 
| 352|0x0000000096000000, 0x0000000096100000, 0x0000000096100000|100%| E|CS|TAMS 0x0000000096000000, 0x0000000096000000| Complete 
| 353|0x0000000096100000, 0x0000000096200000, 0x0000000096200000|100%| E|CS|TAMS 0x0000000096100000, 0x0000000096100000| Complete 
| 354|0x0000000096200000, 0x0000000096300000, 0x0000000096300000|100%| E|CS|TAMS 0x0000000096200000, 0x0000000096200000| Complete 
| 355|0x0000000096300000, 0x0000000096400000, 0x0000000096400000|100%| E|CS|TAMS 0x0000000096300000, 0x0000000096300000| Complete 
| 356|0x0000000096400000, 0x0000000096500000, 0x0000000096500000|100%| E|CS|TAMS 0x0000000096400000, 0x0000000096400000| Complete 
| 357|0x0000000096500000, 0x0000000096600000, 0x0000000096600000|100%| E|CS|TAMS 0x0000000096500000, 0x0000000096500000| Complete 
| 358|0x0000000096600000, 0x0000000096700000, 0x0000000096700000|100%| E|CS|TAMS 0x0000000096600000, 0x0000000096600000| Complete 
| 359|0x0000000096700000, 0x0000000096800000, 0x0000000096800000|100%| E|CS|TAMS 0x0000000096700000, 0x0000000096700000| Complete 
| 360|0x0000000096800000, 0x0000000096900000, 0x0000000096900000|100%| E|CS|TAMS 0x0000000096800000, 0x0000000096800000| Complete 
| 361|0x0000000096900000, 0x0000000096a00000, 0x0000000096a00000|100%| E|CS|TAMS 0x0000000096900000, 0x0000000096900000| Complete 
| 362|0x0000000096a00000, 0x0000000096b00000, 0x0000000096b00000|100%| E|CS|TAMS 0x0000000096a00000, 0x0000000096a00000| Complete 
| 363|0x0000000096b00000, 0x0000000096c00000, 0x0000000096c00000|100%| E|CS|TAMS 0x0000000096b00000, 0x0000000096b00000| Complete 
| 364|0x0000000096c00000, 0x0000000096d00000, 0x0000000096d00000|100%| E|CS|TAMS 0x0000000096c00000, 0x0000000096c00000| Complete 
| 365|0x0000000096d00000, 0x0000000096e00000, 0x0000000096e00000|100%| E|  |TAMS 0x0000000096d00000, 0x0000000096d00000| Complete 
| 366|0x0000000096e00000, 0x0000000096f00000, 0x0000000096f00000|100%| E|CS|TAMS 0x0000000096e00000, 0x0000000096e00000| Complete 

Card table byte_map: [0x000002b25a760000,0x000002b25ab60000] _byte_map_base: 0x000002b25a360000

Marking Bits (Prev, Next): (CMBitMap*) 0x000002b24566f9a8, (CMBitMap*) 0x000002b24566f9e0
 Prev Bits: [0x000002b25af60000, 0x000002b25cf60000)
 Next Bits: [0x000002b25cf60000, 0x000002b25ef60000)

Polling page: 0x000002b245710000

Metaspace:

Usage:
  Non-class:    111.05 MB capacity,   108.74 MB ( 98%) used,     1.85 MB (  2%) free+waste,   463.69 KB ( <1%) overhead. 
      Class:     16.42 MB capacity,    15.09 MB ( 92%) used,     1.14 MB (  7%) free+waste,   198.44 KB (  1%) overhead. 
       Both:    127.46 MB capacity,   123.82 MB ( 97%) used,     2.99 MB (  2%) free+waste,   662.13 KB ( <1%) overhead. 

Virtual space:
  Non-class space:      112.00 MB reserved,     111.25 MB (>99%) committed 
      Class space:        1.00 GB reserved,      16.49 MB (  2%) committed 
             Both:        1.11 GB reserved,     127.74 MB ( 11%) committed 

Chunk freelists:
   Non-Class:  17.00 KB
       Class:  3.00 KB
        Both:  20.00 KB

MaxMetaspaceSize: 17179869184.00 GB
CompressedClassSpaceSize: 1.00 GB

CodeHeap 'non-profiled nmethods': size=120000Kb used=20057Kb max_used=20057Kb free=99942Kb
 bounds [0x000002b2523d0000, 0x000002b253770000, 0x000002b259900000]
CodeHeap 'profiled nmethods': size=120000Kb used=55456Kb max_used=56054Kb free=64543Kb
 bounds [0x000002b24aea0000, 0x000002b24e620000, 0x000002b2523d0000]
CodeHeap 'non-nmethods': size=5760Kb used=2370Kb max_used=2433Kb free=3389Kb
 bounds [0x000002b24a900000, 0x000002b24ab80000, 0x000002b24aea0000]
 total_blobs=25421 nmethods=24444 adapters=885
 compilation: enabled
              stopped_count=0, restarted_count=0
 full_count=0

Compilation events (20 events):
Event: 4047.785 Thread 0x000002b26c119800 nmethod 28463 0x000002b25374bd90 code [0x000002b25374bf60, 0x000002b25374c268]
Event: 4047.785 Thread 0x000002b26c119800 28464       4       com.android.tools.r8.dex.m$$Lambda$1606/0x0000000100b13440::accept (12 bytes)
Event: 4047.909 Thread 0x000002b26c119800 nmethod 28464 0x000002b25374c610 code [0x000002b25374c920, 0x000002b25374e650]
Event: 4047.909 Thread 0x000002b26c119800 28471 % !   4       com.android.tools.r8.dex.m::c @ 2107 (2765 bytes)
Event: 4047.913 Thread 0x000002b2623d9800 nmethod 28460 0x000002b253750190 code [0x000002b2537504c0, 0x000002b253752190]
Event: 4047.913 Thread 0x000002b2623d9800 28466       4       com.android.tools.r8.dex.m$$Lambda$1607/0x0000000100b12840::accept (12 bytes)
Event: 4047.969 Thread 0x000002b26c11a800 nmethod 28438 0x000002b253753d90 code [0x000002b253754280, 0x000002b253759b40]
Event: 4047.969 Thread 0x000002b26c11a800 28475       4       java.util.IdentityHashMap$IdentityHashMapIterator::nextIndex (72 bytes)
Event: 4047.970 Thread 0x000002b26c11a800 nmethod 28475 0x000002b25375f190 code [0x000002b25375f320, 0x000002b25375f3d8]
Event: 4047.971 Thread 0x000002b26c11a800 28476       4       java.util.IdentityHashMap$KeyIterator::next (13 bytes)
Event: 4047.973 Thread 0x000002b26c11a800 nmethod 28476 0x000002b25375f490 code [0x000002b25375f640, 0x000002b25375f758]
Event: 4047.973 Thread 0x000002b26c11a800 28465       4       com.android.tools.r8.dex.m::a (119 bytes)
Event: 4047.997 Thread 0x000002b2623d9800 nmethod 28466 0x000002b25375f910 code [0x000002b25375fc20, 0x000002b253761950]
Event: 4047.997 Thread 0x000002b2623d9800 28474   !   4       com.android.tools.r8.graph.c0::toString (17 bytes)
Event: 4048.022 Thread 0x000002b2623d9800 nmethod 28474 0x000002b253763490 code [0x000002b253763680, 0x000002b253764198]
Event: 4048.049 Thread 0x000002b2623d9800 28477       4       com.google.common.io.ByteStreams$1::write (6 bytes)
Event: 4048.050 Thread 0x000002b2623d9800 nmethod 28477 0x000002b253764790 code [0x000002b253764920, 0x000002b253764998]
Event: 4048.059 Thread 0x000002b26c11a800 nmethod 28465 0x000002b253764a90 code [0x000002b253764da0, 0x000002b253766970]
Event: 4048.061 Thread 0x000002b2623d9800 28478   !   4       com.google.common.cache.LocalCache$Segment::get (210 bytes)
Event: 4048.118 Thread 0x000002b2623d9800 nmethod 28478 0x000002b253768390 code [0x000002b253768620, 0x000002b2537696b0]

GC Heap History (20 events):
Event: 4043.681 GC heap before
{Heap before GC invocations=153 (full 0):
 garbage-first heap   total 187392K, used 155016K [0x0000000080000000, 0x0000000100000000)
  region size 1024K, 54 young (55296K), 5 survivors (5120K)
 Metaspace       used 125420K, capacity 129100K, committed 129272K, reserved 1161216K
  class space    used 15276K, capacity 16609K, committed 16632K, reserved 1048576K
}
Event: 4043.705 GC heap after
{Heap after GC invocations=154 (full 0):
 garbage-first heap   total 187392K, used 115484K [0x0000000080000000, 0x0000000100000000)
  region size 1024K, 7 young (7168K), 7 survivors (7168K)
 Metaspace       used 125420K, capacity 129100K, committed 129272K, reserved 1161216K
  class space    used 15276K, capacity 16609K, committed 16632K, reserved 1048576K
}
Event: 4043.717 GC heap before
{Heap before GC invocations=154 (full 0):
 garbage-first heap   total 187392K, used 117532K [0x0000000080000000, 0x0000000100000000)
  region size 1024K, 9 young (9216K), 7 survivors (7168K)
 Metaspace       used 125432K, capacity 129120K, committed 129272K, reserved 1161216K
  class space    used 15280K, capacity 16617K, committed 16632K, reserved 1048576K
}
Event: 4043.733 GC heap after
{Heap after GC invocations=155 (full 0):
 garbage-first heap   total 187392K, used 111578K [0x0000000080000000, 0x0000000100000000)
  region size 1024K, 2 young (2048K), 2 survivors (2048K)
 Metaspace       used 125432K, capacity 129120K, committed 129272K, reserved 1161216K
  class space    used 15280K, capacity 16617K, committed 16632K, reserved 1048576K
}
Event: 4043.932 GC heap before
{Heap before GC invocations=155 (full 0):
 garbage-first heap   total 187392K, used 145370K [0x0000000080000000, 0x0000000100000000)
  region size 1024K, 36 young (36864K), 2 survivors (2048K)
 Metaspace       used 125936K, capacity 129613K, committed 129912K, reserved 1163264K
  class space    used 15334K, capacity 16676K, committed 16760K, reserved 1048576K
}
Event: 4043.958 GC heap after
{Heap after GC invocations=156 (full 0):
 garbage-first heap   total 239616K, used 126359K [0x0000000080000000, 0x0000000100000000)
  region size 1024K, 5 young (5120K), 5 survivors (5120K)
 Metaspace       used 125936K, capacity 129613K, committed 129912K, reserved 1163264K
  class space    used 15334K, capacity 16676K, committed 16760K, reserved 1048576K
}
Event: 4044.340 GC heap before
{Heap before GC invocations=157 (full 0):
 garbage-first heap   total 239616K, used 176535K [0x0000000080000000, 0x0000000100000000)
  region size 1024K, 55 young (56320K), 5 survivors (5120K)
 Metaspace       used 126294K, capacity 129984K, committed 130168K, reserved 1163264K
  class space    used 15386K, capacity 16732K, committed 16760K, reserved 1048576K
}
Event: 4044.379 GC heap after
{Heap after GC invocations=158 (full 0):
 garbage-first heap   total 239616K, used 142271K [0x0000000080000000, 0x0000000100000000)
  region size 1024K, 7 young (7168K), 7 survivors (7168K)
 Metaspace       used 126294K, capacity 129984K, committed 130168K, reserved 1163264K
  class space    used 15386K, capacity 16732K, committed 16760K, reserved 1048576K
}
Event: 4044.471 GC heap before
{Heap before GC invocations=158 (full 0):
 garbage-first heap   total 239616K, used 145343K [0x0000000080000000, 0x0000000100000000)
  region size 1024K, 11 young (11264K), 7 survivors (7168K)
 Metaspace       used 126489K, capacity 130248K, committed 130552K, reserved 1163264K
  class space    used 15432K, capacity 16801K, committed 16888K, reserved 1048576K
}
Event: 4044.482 GC heap after
{Heap after GC invocations=159 (full 0):
 garbage-first heap   total 239616K, used 142655K [0x0000000080000000, 0x0000000100000000)
  region size 1024K, 1 young (1024K), 1 survivors (1024K)
 Metaspace       used 126489K, capacity 130248K, committed 130552K, reserved 1163264K
  class space    used 15432K, capacity 16801K, committed 16888K, reserved 1048576K
}
Event: 4044.512 GC heap before
{Heap before GC invocations=159 (full 0):
 garbage-first heap   total 239616K, used 144703K [0x0000000080000000, 0x0000000100000000)
  region size 1024K, 4 young (4096K), 1 survivors (1024K)
 Metaspace       used 126496K, capacity 130253K, committed 130552K, reserved 1163264K
  class space    used 15433K, capacity 16803K, committed 16888K, reserved 1048576K
}
Event: 4044.517 GC heap after
{Heap after GC invocations=160 (full 0):
 garbage-first heap   total 239616K, used 142206K [0x0000000080000000, 0x0000000100000000)
  region size 1024K, 1 young (1024K), 1 survivors (1024K)
 Metaspace       used 126496K, capacity 130253K, committed 130552K, reserved 1163264K
  class space    used 15433K, capacity 16803K, committed 16888K, reserved 1048576K
}
Event: 4045.190 GC heap before
{Heap before GC invocations=161 (full 0):
 garbage-first heap   total 239616K, used 181118K [0x0000000080000000, 0x0000000100000000)
  region size 1024K, 42 young (43008K), 1 survivors (1024K)
 Metaspace       used 126653K, capacity 130426K, committed 130552K, reserved 1163264K
  class space    used 15447K, capacity 16812K, committed 16888K, reserved 1048576K
}
Event: 4045.201 GC heap after
{Heap after GC invocations=162 (full 0):
 garbage-first heap   total 239616K, used 141454K [0x0000000080000000, 0x0000000100000000)
  region size 1024K, 4 young (4096K), 4 survivors (4096K)
 Metaspace       used 126653K, capacity 130426K, committed 130552K, reserved 1163264K
  class space    used 15447K, capacity 16812K, committed 16888K, reserved 1048576K
}
Event: 4045.364 GC heap before
{Heap before GC invocations=162 (full 0):
 garbage-first heap   total 239616K, used 149646K [0x0000000080000000, 0x0000000100000000)
  region size 1024K, 11 young (11264K), 4 survivors (4096K)
 Metaspace       used 126654K, capacity 130426K, committed 130552K, reserved 1163264K
  class space    used 15447K, capacity 16812K, committed 16888K, reserved 1048576K
}
Event: 4045.447 GC heap after
{Heap after GC invocations=163 (full 0):
 garbage-first heap   total 375808K, used 136712K [0x0000000080000000, 0x0000000100000000)
  region size 1024K, 1 young (1024K), 1 survivors (1024K)
 Metaspace       used 126654K, capacity 130426K, committed 130552K, reserved 1163264K
  class space    used 15447K, capacity 16812K, committed 16888K, reserved 1048576K
}
Event: 4045.870 GC heap before
{Heap before GC invocations=163 (full 0):
 garbage-first heap   total 375808K, used 150024K [0x0000000080000000, 0x0000000100000000)
  region size 1024K, 16 young (16384K), 1 survivors (1024K)
 Metaspace       used 126659K, capacity 130426K, committed 130552K, reserved 1163264K
  class space    used 15447K, capacity 16812K, committed 16888K, reserved 1048576K
}
Event: 4045.885 GC heap after
{Heap after GC invocations=164 (full 0):
 garbage-first heap   total 375808K, used 138433K [0x0000000080000000, 0x0000000100000000)
  region size 1024K, 3 young (3072K), 3 survivors (3072K)
 Metaspace       used 126659K, capacity 130426K, committed 130552K, reserved 1163264K
  class space    used 15447K, capacity 16812K, committed 16888K, reserved 1048576K
}
Event: 4046.340 GC heap before
{Heap before GC invocations=165 (full 0):
 garbage-first heap   total 375808K, used 163009K [0x0000000080000000, 0x0000000100000000)
  region size 1024K, 27 young (27648K), 3 survivors (3072K)
 Metaspace       used 126664K, capacity 130426K, committed 130552K, reserved 1163264K
  class space    used 15447K, capacity 16812K, committed 16888K, reserved 1048576K
}
Event: 4046.350 GC heap after
{Heap after GC invocations=166 (full 0):
 garbage-first heap   total 375808K, used 144356K [0x0000000080000000, 0x0000000100000000)
  region size 1024K, 7 young (7168K), 7 survivors (7168K)
 Metaspace       used 126664K, capacity 130426K, committed 130552K, reserved 1163264K
  class space    used 15447K, capacity 16812K, committed 16888K, reserved 1048576K
}

Deoptimization events (20 events):
Event: 4046.691 Thread 0x000002b263455000 Uncommon trap: trap_request=0xffffffde fr.pc=0x000002b252e86e60 relative=0x00000000000002e0
Event: 4046.691 Thread 0x000002b263455000 Uncommon trap: reason=class_check action=maybe_recompile pc=0x000002b252e86e60 method=com.android.tools.r8.dex.i.c(I)V @ 108 c2
Event: 4046.691 Thread 0x000002b263455000 DEOPT PACKING pc=0x000002b252e86e60 sp=0x000000d6b2bfee80
Event: 4046.691 Thread 0x000002b263455000 DEOPT UNPACKING pc=0x000002b24a9083af sp=0x000000d6b2bfee48 mode 2
Event: 4046.746 Thread 0x000002b263455000 DEOPT PACKING pc=0x000002b24b83ac4b sp=0x000000d6b2bfe8a0
Event: 4046.746 Thread 0x000002b263455000 DEOPT UNPACKING pc=0x000002b24a928ede sp=0x000000d6b2bfddf0 mode 0
Event: 4046.760 Thread 0x000002b263455000 DEOPT PACKING pc=0x000002b24b83ac4b sp=0x000000d6b2bfe8a0
Event: 4046.760 Thread 0x000002b263455000 DEOPT UNPACKING pc=0x000002b24a928ede sp=0x000000d6b2bfddf0 mode 0
Event: 4046.780 Thread 0x000002b263455000 DEOPT PACKING pc=0x000002b24b83ac4b sp=0x000000d6b2bfe8a0
Event: 4046.780 Thread 0x000002b263455000 DEOPT UNPACKING pc=0x000002b24a928ede sp=0x000000d6b2bfddf0 mode 0
Event: 4046.789 Thread 0x000002b263455000 DEOPT PACKING pc=0x000002b24b83ac4b sp=0x000000d6b2bfe8a0
Event: 4046.789 Thread 0x000002b263455000 DEOPT UNPACKING pc=0x000002b24a928ede sp=0x000000d6b2bfddf0 mode 0
Event: 4047.443 Thread 0x000002b263455000 Uncommon trap: trap_request=0xffffff4d fr.pc=0x000002b252fafc60 relative=0x00000000000000c0
Event: 4047.443 Thread 0x000002b263455000 Uncommon trap: reason=unstable_if action=reinterpret pc=0x000002b252fafc60 method=java.lang.Long.numberOfTrailingZeros(J)I @ 3 c2
Event: 4047.443 Thread 0x000002b263455000 DEOPT PACKING pc=0x000002b252fafc60 sp=0x000000d6b2bfe620
Event: 4047.443 Thread 0x000002b263455000 DEOPT UNPACKING pc=0x000002b24a9083af sp=0x000000d6b2bfe5a8 mode 2
Event: 4047.443 Thread 0x000002b263455000 DEOPT PACKING pc=0x000002b24b499d40 sp=0x000000d6b2bfe7e0
Event: 4047.443 Thread 0x000002b263455000 DEOPT UNPACKING pc=0x000002b24a928ede sp=0x000000d6b2bfdcb0 mode 0
Event: 4047.771 Thread 0x000002b263455000 DEOPT PACKING pc=0x000002b24d889505 sp=0x000000d6b2bfe960
Event: 4047.771 Thread 0x000002b263455000 DEOPT UNPACKING pc=0x000002b24a928ede sp=0x000000d6b2bfddf8 mode 0

Classes redefined (0 events):
No events

Internal exceptions (20 events):
Event: 4042.147 Thread 0x000002b264eb5800 Exception <a 'sun/nio/fs/WindowsException'{0x000000008b5a5078}> (0x000000008b5a5078) thrown at [./src/hotspot/share/prims/jni.cpp, line 615]
Event: 4042.783 Thread 0x000002b264eb6800 Exception <a 'sun/nio/fs/WindowsException'{0x0000000089d743b0}> (0x0000000089d743b0) thrown at [./src/hotspot/share/prims/jni.cpp, line 615]
Event: 4042.783 Thread 0x000002b264eb6800 Exception <a 'sun/nio/fs/WindowsException'{0x0000000089d75228}> (0x0000000089d75228) thrown at [./src/hotspot/share/prims/jni.cpp, line 615]
Event: 4042.795 Thread 0x000002b264eb6800 Implicit null exception at 0x000002b25241d0a9 to 0x000002b25241d190
Event: 4042.805 Thread 0x000002b265f91800 Exception <a 'sun/nio/fs/WindowsException'{0x0000000089ce3588}> (0x0000000089ce3588) thrown at [./src/hotspot/share/prims/jni.cpp, line 615]
Event: 4042.806 Thread 0x000002b265f91800 Exception <a 'sun/nio/fs/WindowsException'{0x0000000089ce3860}> (0x0000000089ce3860) thrown at [./src/hotspot/share/prims/jni.cpp, line 615]
Event: 4043.529 Thread 0x000002b264eb5800 Exception <a 'sun/nio/fs/WindowsException'{0x000000008a1082c0}> (0x000000008a1082c0) thrown at [./src/hotspot/share/prims/jni.cpp, line 615]
Event: 4043.529 Thread 0x000002b264eb5800 Exception <a 'sun/nio/fs/WindowsException'{0x000000008a109170}> (0x000000008a109170) thrown at [./src/hotspot/share/prims/jni.cpp, line 615]
Event: 4043.530 Thread 0x000002b264ec2000 Exception <a 'sun/nio/fs/WindowsException'{0x000000008a3c5590}> (0x000000008a3c5590) thrown at [./src/hotspot/share/prims/jni.cpp, line 615]
Event: 4043.530 Thread 0x000002b264eb5800 Exception <a 'sun/nio/fs/WindowsException'{0x000000008a109568}> (0x000000008a109568) thrown at [./src/hotspot/share/prims/jni.cpp, line 615]
Event: 4043.530 Thread 0x000002b264eb5800 Exception <a 'sun/nio/fs/WindowsException'{0x000000008a10a410}> (0x000000008a10a410) thrown at [./src/hotspot/share/prims/jni.cpp, line 615]
Event: 4043.530 Thread 0x000002b264eb5800 Exception <a 'sun/nio/fs/WindowsException'{0x000000008a10a6c8}> (0x000000008a10a6c8) thrown at [./src/hotspot/share/prims/jni.cpp, line 615]
Event: 4043.531 Thread 0x000002b264eb5800 Exception <a 'sun/nio/fs/WindowsException'{0x000000008a10b540}> (0x000000008a10b540) thrown at [./src/hotspot/share/prims/jni.cpp, line 615]
Event: 4043.843 Thread 0x000002b264ebe800 Exception <a 'sun/nio/fs/WindowsException'{0x000000008a5150d0}> (0x000000008a5150d0) thrown at [./src/hotspot/share/prims/jni.cpp, line 615]
Event: 4043.844 Thread 0x000002b264ebe800 Exception <a 'sun/nio/fs/WindowsException'{0x000000008a515f60}> (0x000000008a515f60) thrown at [./src/hotspot/share/prims/jni.cpp, line 615]
Event: 4043.845 Thread 0x000002b264ebe800 Exception <a 'sun/nio/fs/WindowsException'{0x000000008a516228}> (0x000000008a516228) thrown at [./src/hotspot/share/prims/jni.cpp, line 615]
Event: 4043.897 Thread 0x000002b264ebe800 Exception <a 'sun/nio/fs/WindowsException'{0x0000000089b543a8}> (0x0000000089b543a8) thrown at [./src/hotspot/share/prims/jni.cpp, line 615]
Event: 4043.897 Thread 0x000002b264ebe800 Exception <a 'sun/nio/fs/WindowsException'{0x0000000089b55258}> (0x0000000089b55258) thrown at [./src/hotspot/share/prims/jni.cpp, line 615]
Event: 4044.394 Thread 0x000002b264ec2000 Exception <a 'java/lang/IncompatibleClassChangeError'{0x000000008e82b570}: Found class java.lang.Object, but interface was expected> (0x000000008e82b570) thrown at [./src/hotspot/share/interpreter/linkResolver.cpp, line 839]
Event: 4047.970 Thread 0x000002b263455000 Exception <a 'sun/nio/fs/WindowsException'{0x0000000091ba5da0}> (0x0000000091ba5da0) thrown at [./src/hotspot/share/prims/jni.cpp, line 615]

Events (20 events):
Event: 4046.259 Executing VM operation: CGC_Operation
Event: 4046.259 Executing VM operation: CGC_Operation done
Event: 4046.340 Executing VM operation: G1CollectForAllocation
Event: 4046.350 Executing VM operation: G1CollectForAllocation done
Event: 4046.589 Executing VM operation: CGC_Operation
Event: 4046.615 Executing VM operation: CGC_Operation done
Event: 4046.730 Executing VM operation: CGC_Operation
Event: 4046.731 Executing VM operation: CGC_Operation done
Event: 4047.358 Executing VM operation: ICBufferFull
Event: 4047.359 Executing VM operation: ICBufferFull done
Event: 4047.997 Executing VM operation: BulkRevokeBias
Event: 4048.000 Executing VM operation: BulkRevokeBias done
Event: 4048.000 Thread 0x000002b26c119000 Thread exited: 0x000002b26c119000
Event: 4048.000 Thread 0x000002b264ebf800 Thread exited: 0x000002b264ebf800
Event: 4048.000 Thread 0x000002b26b948000 Thread exited: 0x000002b26b948000
Event: 4048.000 Thread 0x000002b263459000 Thread exited: 0x000002b263459000
Event: 4048.001 Thread 0x000002b2646f4000 Thread exited: 0x000002b2646f4000
Event: 4048.001 Thread 0x000002b26b946000 Thread exited: 0x000002b26b946000
Event: 4048.001 Thread 0x000002b26c117800 Thread exited: 0x000002b26c117800
Event: 4048.002 Thread 0x000002b263455000 Thread exited: 0x000002b263455000


Dynamic libraries:
0x00007ff773780000 - 0x00007ff77378a000 	C:\Program Files\Android\Android Studio\jre\bin\java.exe
0x00007ffff69b0000 - 0x00007ffff6ba5000 	C:\WINDOWS\SYSTEM32\ntdll.dll
0x00007ffff5700000 - 0x00007ffff57be000 	C:\WINDOWS\System32\KERNEL32.DLL
0x00007ffff41e0000 - 0x00007ffff44a9000 	C:\WINDOWS\System32\KERNELBASE.dll
0x00007ffff4510000 - 0x00007ffff4610000 	C:\WINDOWS\System32\ucrtbase.dll
0x00007fffed770000 - 0x00007fffed789000 	C:\Program Files\Android\Android Studio\jre\bin\jli.dll
0x00007fffe9f70000 - 0x00007fffe9f87000 	C:\Program Files\Android\Android Studio\jre\bin\VCRUNTIME140.dll
0x00007ffff6500000 - 0x00007ffff66a1000 	C:\WINDOWS\System32\USER32.dll
0x00007ffff44b0000 - 0x00007ffff44d2000 	C:\WINDOWS\System32\win32u.dll
0x00007ffff5fd0000 - 0x00007ffff5ffb000 	C:\WINDOWS\System32\GDI32.dll
0x00007fffdecb0000 - 0x00007fffdef4a000 	C:\WINDOWS\WinSxS\amd64_microsoft.windows.common-controls_6595b64144ccf1df_6.0.19041.1110_none_60b5254171f9507e\COMCTL32.dll
0x00007ffff48f0000 - 0x00007ffff49fb000 	C:\WINDOWS\System32\gdi32full.dll
0x00007ffff6460000 - 0x00007ffff64fe000 	C:\WINDOWS\System32\msvcrt.dll
0x00007ffff4800000 - 0x00007ffff489d000 	C:\WINDOWS\System32\msvcp_win.dll
0x00007ffff6730000 - 0x00007ffff6760000 	C:\WINDOWS\System32\IMM32.DLL
0x00007fffb81b0000 - 0x00007fffb824d000 	C:\Program Files\Android\Android Studio\jre\bin\msvcp140.dll
0x00007fffa9ae0000 - 0x00007fffaa5af000 	C:\Program Files\Android\Android Studio\jre\bin\server\jvm.dll
0x00007ffff6760000 - 0x00007ffff680c000 	C:\WINDOWS\System32\ADVAPI32.dll
0x00007ffff6290000 - 0x00007ffff632b000 	C:\WINDOWS\System32\sechost.dll
0x00007ffff50b0000 - 0x00007ffff51da000 	C:\WINDOWS\System32\RPCRT4.dll
0x00007ffff6000000 - 0x00007ffff6008000 	C:\WINDOWS\System32\PSAPI.DLL
0x00007ffff1f50000 - 0x00007ffff1f77000 	C:\WINDOWS\SYSTEM32\WINMM.dll
0x00007fffec730000 - 0x00007fffec73a000 	C:\WINDOWS\SYSTEM32\VERSION.dll
0x00007fffeeac0000 - 0x00007fffeeac9000 	C:\WINDOWS\SYSTEM32\WSOCK32.dll
0x00007ffff5f60000 - 0x00007ffff5fcb000 	C:\WINDOWS\System32\WS2_32.dll
0x00007ffff2950000 - 0x00007ffff2962000 	C:\WINDOWS\SYSTEM32\kernel.appcore.dll
0x00007fffe4920000 - 0x00007fffe4931000 	C:\Program Files\Android\Android Studio\jre\bin\verify.dll
0x00007ffff1d60000 - 0x00007ffff1f44000 	C:\WINDOWS\SYSTEM32\DBGHELP.DLL
0x00007ffff1be0000 - 0x00007ffff1c0c000 	C:\WINDOWS\SYSTEM32\dbgcore.DLL
0x00007ffff4610000 - 0x00007ffff4693000 	C:\WINDOWS\System32\bcryptPrimitives.dll
0x00007fffe48f0000 - 0x00007fffe4919000 	C:\Program Files\Android\Android Studio\jre\bin\java.dll
0x00007fffed760000 - 0x00007fffed76b000 	C:\Program Files\Android\Android Studio\jre\bin\jimage.dll
0x00007fffe45f0000 - 0x00007fffe4608000 	C:\Program Files\Android\Android Studio\jre\bin\zip.dll
0x00007ffff5820000 - 0x00007ffff5f5f000 	C:\WINDOWS\System32\SHELL32.dll
0x00007ffff21b0000 - 0x00007ffff2940000 	C:\WINDOWS\SYSTEM32\windows.storage.dll
0x00007ffff52f0000 - 0x00007ffff5645000 	C:\WINDOWS\System32\combase.dll
0x00007ffff3b20000 - 0x00007ffff3b4c000 	C:\WINDOWS\SYSTEM32\Wldp.dll
0x00007ffff5240000 - 0x00007ffff52ee000 	C:\WINDOWS\System32\SHCORE.dll
0x00007ffff57c0000 - 0x00007ffff5815000 	C:\WINDOWS\System32\shlwapi.dll
0x00007ffff4010000 - 0x00007ffff402f000 	C:\WINDOWS\SYSTEM32\profapi.dll
0x00007fffe45d0000 - 0x00007fffe45ea000 	C:\Program Files\Android\Android Studio\jre\bin\net.dll
0x00007fffe1510000 - 0x00007fffe1618000 	C:\WINDOWS\SYSTEM32\WINHTTP.dll
0x00007ffff3880000 - 0x00007ffff38ea000 	C:\WINDOWS\system32\mswsock.dll
0x00007fffe45b0000 - 0x00007fffe45c4000 	C:\Program Files\Android\Android Studio\jre\bin\nio.dll
0x00007fffe1eb0000 - 0x00007fffe1ed7000 	C:\Users\Abhinay\.gradle\native\8bec1ad78214c89d9ad589b4d07fe93259594b29d510b10fafb7a158f7737e5d\windows-amd64\native-platform.dll
0x00007fffb6110000 - 0x00007fffb624d000 	C:\Users\Abhinay\.gradle\native\53dbd7edfb1c66fb8903c78663c9afc45aea4f116125fa6feffd364cf09443e8\windows-amd64\native-platform-file-events.dll
0x00007fffe9f60000 - 0x00007fffe9f6a000 	C:\Program Files\Android\Android Studio\jre\bin\management.dll
0x00007fffe48e0000 - 0x00007fffe48ec000 	C:\Program Files\Android\Android Studio\jre\bin\management_ext.dll
0x00007ffff3a70000 - 0x00007ffff3a88000 	C:\WINDOWS\SYSTEM32\CRYPTSP.dll
0x00007ffff3190000 - 0x00007ffff31c4000 	C:\WINDOWS\system32\rsaenh.dll
0x00007ffff44e0000 - 0x00007ffff4507000 	C:\WINDOWS\System32\bcrypt.dll
0x00007ffff3fd0000 - 0x00007ffff3ffe000 	C:\WINDOWS\SYSTEM32\USERENV.dll
0x00007ffff3a90000 - 0x00007ffff3a9c000 	C:\WINDOWS\SYSTEM32\CRYPTBASE.dll
0x00007ffff3520000 - 0x00007ffff355b000 	C:\WINDOWS\SYSTEM32\IPHLPAPI.DLL
0x00007ffff5040000 - 0x00007ffff5048000 	C:\WINDOWS\System32\NSI.dll
0x00007fffeca60000 - 0x00007fffeca77000 	C:\WINDOWS\SYSTEM32\dhcpcsvc6.DLL
0x00007fffed4b0000 - 0x00007fffed4cd000 	C:\WINDOWS\SYSTEM32\dhcpcsvc.DLL
0x00007ffff3570000 - 0x00007ffff363c000 	C:\WINDOWS\SYSTEM32\DNSAPI.dll
0x00007fffe4430000 - 0x00007fffe4457000 	C:\Program Files\Android\Android Studio\jre\bin\sunec.dll

dbghelp: loaded successfully - version: 4.0.5 - missing functions: none
symbol engine: initialized successfully - sym options: 0x614 - pdb path: .;C:\Program Files\Android\Android Studio\jre\bin;C:\WINDOWS\SYSTEM32;C:\WINDOWS\WinSxS\amd64_microsoft.windows.common-controls_6595b64144ccf1df_6.0.19041.1110_none_60b5254171f9507e;C:\Program Files\Android\Android Studio\jre\bin\server;C:\Users\Abhinay\.gradle\native\8bec1ad78214c89d9ad589b4d07fe93259594b29d510b10fafb7a158f7737e5d\windows-amd64;C:\Users\Abhinay\.gradle\native\53dbd7edfb1c66fb8903c78663c9afc45aea4f116125fa6feffd364cf09443e8\windows-amd64

VM Arguments:
jvm_args: --add-opens=java.base/java.util=ALL-UNNAMED --add-opens=java.base/java.lang=ALL-UNNAMED --add-opens=java.base/java.lang.invoke=ALL-UNNAMED --add-opens=java.base/java.util=ALL-UNNAMED --add-opens=java.prefs/java.util.prefs=ALL-UNNAMED --add-opens=java.prefs/java.util.prefs=ALL-UNNAMED --add-opens=java.base/java.nio.charset=ALL-UNNAMED --add-opens=java.base/java.net=ALL-UNNAMED --add-opens=java.base/java.util.concurrent.atomic=ALL-UNNAMED -Xmx2048m -Dfile.encoding=UTF-8 -Duser.country=US -Duser.language=en -Duser.variant 
java_command: org.gradle.launcher.daemon.bootstrap.GradleDaemon 7.0.2
java_class_path (initial): C:\Users\Abhinay\.gradle\wrapper\dists\gradle-7.0.2-bin\857tjihv64xamwrf0h14cai3r\gradle-7.0.2\lib\gradle-launcher-7.0.2.jar
Launcher Type: SUN_STANDARD

[Global flags]
     intx CICompilerCount                          = 4                                         {product} {ergonomic}
     uint ConcGCThreads                            = 2                                         {product} {ergonomic}
     uint G1ConcRefinementThreads                  = 8                                         {product} {ergonomic}
   size_t G1HeapRegionSize                         = 1048576                                   {product} {ergonomic}
    uintx GCDrainStackTargetSize                   = 64                                        {product} {ergonomic}
   size_t InitialHeapSize                          = 132120576                                 {product} {ergonomic}
   size_t MarkStackSize                            = 4194304                                   {product} {ergonomic}
   size_t MaxHeapSize                              = 2147483648                                {product} {command line}
   size_t MaxNewSize                               = 1287651328                                {product} {ergonomic}
   size_t MinHeapDeltaBytes                        = 1048576                                   {product} {ergonomic}
    uintx NonNMethodCodeHeapSize                   = 5836300                                {pd product} {ergonomic}
    uintx NonProfiledCodeHeapSize                  = 122910970                              {pd product} {ergonomic}
    uintx ProfiledCodeHeapSize                     = 122910970                              {pd product} {ergonomic}
    uintx ReservedCodeCacheSize                    = 251658240                              {pd product} {ergonomic}
     bool SegmentedCodeCache                       = true                                      {product} {ergonomic}
     bool UseCompressedClassPointers               = true                                 {lp64_product} {ergonomic}
     bool UseCompressedOops                        = true                                 {lp64_product} {ergonomic}
     bool UseG1GC                                  = true                                      {product} {ergonomic}
     bool UseLargePagesIndividualAllocation        = false                                  {pd product} {ergonomic}

Logging:
Log output configuration:
 #0: stdout all=warning uptime,level,tags
 #1: stderr all=off uptime,level,tags

Environment Variables:
JAVA_HOME=C:\Program Files\Java\jdk-15.0.2
PATH=C:\Program Files\Common Files\Oracle\Java\javapath;C:\Windows\system32;C:\Windows;C:\Windows\System32\Wbem;C:\Windows\System32\WindowsPowerShell\v1.0\;C:\Windows\System32\OpenSSH\;C:\Program Files\NVIDIA Corporation\NVIDIA NvDLISR;C:\Windows\IsmFiles;C:\Program Files\Java\jdk-15.0.2\bin;C:\Users\Abhinay\anaconda3;C:\WINDOWS\system32;C:\WINDOWS;C:\WINDOWS\System32\Wbem;C:\WINDOWS\System32\WindowsPowerShell\v1.0\;C:\WINDOWS\System32\OpenSSH\;C:\Program Files\dotnet\;C:\Program Files\Git\cmd;C:\msys64\mingw64\bin;C:\Users\Abhinay\AppData\Local\Programs\Microsoft VS Code\bin;C:\Users\Abhinay\AppData\Local\Programs\Python\Python39\Scripts\;C:\Users\Abhinay\AppData\Local\Programs\Python\Python39\;C:\Users\Abhinay\AppData\Local\Microsoft\WindowsApps;C:\Program Files\JetBrains\PyCharm Community Edition 2021.1.1\bin;;C:\Program Files\JetBrains\IntelliJ IDEA Community Edition 2021.2\bin;;C:\Users\Abhinay\AppData\Local\Programs\Microsoft VS Code\bin;C:\msys64\mingw64\bin;
USERNAME=Abhinay
OS=Windows_NT
PROCESSOR_IDENTIFIER=Intel64 Family 6 Model 126 Stepping 5, GenuineIntel



---------------  S Y S T E M  ---------------

OS: Windows 10 , 64 bit Build 19041 (10.0.19041.1202)
OS uptime: 3 days 5:02 hours

CPU:total 8 (initial active 8) (4 cores per cpu, 2 threads per core) family 6 model 126 stepping 5 microcode 0xa0, cmov, cx8, fxsr, mmx, sse, sse2, sse3, ssse3, sse4.1, sse4.2, popcnt, avx, avx2, aes, clmul, erms, 3dnowpref, lzcnt, ht, tsc, tscinvbit, bmi1, bmi2, adx, evex, sha, fma

Memory: 4k page, system-wide physical 7959M (501M free)
TotalPageFile size 13959M (AvailPageFile size 8M)
current process WorkingSet (physical memory assigned to process): 659M, peak: 663M
current process commit charge ("private bytes"): 812M, peak: 815M

vm_info: OpenJDK 64-Bit Server VM (11.0.10+0-b96-7249189) for windows-amd64 JRE (11.0.10+0-b96-7249189), built on Mar 31 2021 21:44:00 by "builder" with MS VC++ 14.0 (VS2015)

END.
